<?xml version="1.0" encoding="UTF-8" ?>
<testsuite errors="0" skipped="0" tests="75" time="0.179" failures="6" name="org.antlr.test.TestDFAConversion">
  <properties>
    <property value="Apple Inc." name="java.vendor"/>
    <property value="/Users/parrt/.m2/repository" name="localRepository"/>
    <property value="SUN_STANDARD" name="sun.java.launcher"/>
    <property value="HotSpot Client Compiler" name="sun.management.compiler"/>
    <property value="69ef00" name="env.SECURITYSESSIONID"/>
    <property value="true" name="env.DYLD_NO_FIX_PREBINDING"/>
    <property value="Mac OS X" name="os.name"/>
    <property value="/System/Library/Frameworks/JavaVM.framework/Versions/1.5.0/Classes/classes.jar:/System/Library/Frameworks/JavaVM.framework/Versions/1.5.0/Classes/ui.jar:/System/Library/Frameworks/JavaVM.framework/Versions/1.5.0/Classes/laf.jar:/System/Library/Frameworks/JavaVM.framework/Versions/1.5.0/Classes/sunrsasign.jar:/System/Library/Frameworks/JavaVM.framework/Versions/1.5.0/Classes/jsse.jar:/System/Library/Frameworks/JavaVM.framework/Versions/1.5.0/Classes/jce.jar:/System/Library/Frameworks/JavaVM.framework/Versions/1.5.0/Classes/charsets.jar" name="sun.boot.class.path"/>
    <property value="/var/folders/GB/GBAjm2lZ2RWWFk+8ZMYFYU+++TM/-Tmp-/" name="env.TMPDIR"/>
    <property value="/Users/parrt/antlr/code/antlr/release-3.1.2" name="env.PWD"/>
    <property value="en_US.UTF-8" name="env.LANG"/>
    <property value="Sun Microsystems Inc." name="java.vm.specification.vendor"/>
    <property value="1.5.0_16-b06-284" name="java.runtime.version"/>
    <property value="/tmp/launch-Haknqx/Render" name="env.Apple_PubSub_Socket_Render"/>
    <property value="/tmp/launch-aGC1Fw/:0" name="env.DISPLAY"/>
    <property value="parrt" name="user.name"/>
    <property value="parrt" name="env.USER"/>
    <property value="org.codehaus.classworlds.Launcher" name="env.JAVA_MAIN_CLASS_74888"/>
    <property value="/bin/bash" name="env.SHELL"/>
    <property value="0x1F6:0:0" name="env.__CF_USER_TEXT_ENCODING"/>
    <property value="true" name="awt.nativeDoubleBuffering"/>
    <property value="/usr/local/bin:/usr/local/teTeX/bin/i386-apple-darwin-current:/opt/local/bin:/usr/local/bin:/usr/local/teTeX/bin/i386-apple-darwin-current:/opt/local/bin:/usr/local/bin:/usr/local/teTeX/bin/i386-apple-darwin-current:/opt/local/bin:/usr/local/bin:/usr/local/teTeX/bin/i386-apple-darwin-current:/opt/local/bin:/usr/local/bin:/usr/local/teTeX/bin/i386-apple-darwin-current:/opt/local/bin:/usr/local/bin:/usr/local/teTeX/bin/i386-apple-darwin-current:/opt/local/bin:/usr/bin:/bin:/usr/sbin:/sbin:/usr/local/bin:/usr/X11/bin:/usr/texbin:/usr/local/bin" name="env.PATH"/>
    <property value="en" name="user.language"/>
    <property value="/System/Library/Frameworks/JavaVM.framework/Versions/1.5.0/Libraries" name="sun.boot.library.path"/>
    <property value="/opt/local/share/java/maven2/bin/m2.conf" name="classworlds.conf"/>
    <property value="1.5.0_16" name="java.version"/>
    <property value="America/Los_Angeles" name="user.timezone"/>
    <property value="32" name="sun.arch.data.model"/>
    <property value="local|*.local|169.254/16|*.169.254/16" name="http.nonProxyHosts"/>
    <property value="/System/Library/Frameworks/JavaVM.framework/Versions/1.5.0/Home/lib/endorsed" name="java.endorsed.dirs"/>
    <property value="" name="sun.cpu.isalist"/>
    <property value="MacRoman" name="sun.jnu.encoding"/>
    <property value="sun.io" name="file.encoding.pkg"/>
    <property value="1" name="env.SHLVL"/>
    <property value="/" name="file.separator"/>
    <property value="Java Platform API Specification" name="java.specification.name"/>
    <property value="49.0" name="java.class.version"/>
    <property value="US" name="user.country"/>
    <property value="/System/Library/Frameworks/JavaVM.framework/Versions/1.5.0/Home" name="java.home"/>
    <property value="mixed mode, sharing" name="java.vm.info"/>
    <property value="parrt" name="env.LOGNAME"/>
    <property value="10.5.6" name="os.version"/>
    <property value="240" name="env.TERM_PROGRAM_VERSION"/>
    <property value=":" name="path.separator"/>
    <property value="1.5.0_16-133" name="java.vm.version"/>
    <property value="apple.awt.CPrinterJob" name="java.awt.printerjob"/>
    <property value="xterm-color" name="env.TERM"/>
    <property value="UnicodeLittle" name="sun.io.unicode.encoding"/>
    <property value="apple.awt.CToolkit" name="awt.toolkit"/>
    <property value="local|*.local|169.254/16|*.169.254/16" name="socksNonProxyHosts"/>
    <property value="local|*.local|169.254/16|*.169.254/16" name="ftp.nonProxyHosts"/>
    <property value="/sw/share/man:/usr/local/man:/usr/share/man:/usr/X11R6/man:/Library/Frameworks/Mono.framework/Versions/Current/man" name="env.MANPATH"/>
    <property value="/Users/parrt" name="user.home"/>
    <property value="/Users/parrt/antlr/code/antlr/release-3.1.2" name="env.OLDPWD"/>
    <property value="Sun Microsystems Inc." name="java.specification.vendor"/>
    <property value=".:/usr/local/lib/javax.servlet.jar:/System/Library/Frameworks/JavaVM.framework/Versions/CurrentJDK/Classes/classes.jar:/System/Library/Frameworks/JavaVM.framework/Versions/CurrentJDK/Classes/ui.jar:/Users/parrt/research/projects/Util/main:/Users/parrt/research/projects/TML/main:/Users/parrt/research/lime/main/src:/usr/local/site/lime/lib/jars/commons-fileupload-1.0-rc1.jar:/Users/parrt/antlr/code/org.antlr/main/main:/Users/parrt/antlr/code/usf/jprof:/usr/local/lib/junit.jar:/Users/parrt/USF/depot/flashmob/main/src:/Users/parrt/research/stsite/main/src:/Users/parrt/antlr/code/antlr/main/build:/Users/parrt/antlr/code/antlr/main/src/main/resources:/Users/parrt/antlr/code/antlr/main/runtime/Java/src:/Users/parrt/antlr/code/stringtemplate/java/main/src/:/usr/local/lib/CafeBabe.jar:/usr/local/lib/jasmin.jar:/usr/local/site/lime/lib/jars/pageforge-1.0.4.jar:/usr/local/lib/clover.jar:/Users/parrt/USF/advising/reports/code:/Users/parrt/antlr/code/antlrworks/main/lib/jgoodies.jar:/Users/parrt/antlr/code/mantra/main/runtime/src:/Users/parrt/antlr/code/mantra/main/src:/usr/local/lib/jetty-6.1.6rc0.jar:/usr/local/lib/jetty-util-6.1.6rc0.jar:/usr/local/lib/servlet-api-2.5-6.1.6rc0.jar:/usr/local/lib/jetty-6.1.6rc0.jar:/usr/local/lib/jetty-util-6.1.6rc0.jar:/usr/local/lib/servlet-api-2.5-6.1.6rc0.jar:/usr/local/lib/jburg.jar:/usr/local/lib/resin.jar:/usr/local/lib/gunit-1.0.2.jar:/Users/parrt/antlr/code/antlrworks/main/src:/Users/parrt/antlr/code/morph/main/src" name="env.CLASSPATH"/>
    <property value="Apple_Terminal" name="env.TERM_PROGRAM"/>
    <property value=".:/Library/Java/Extensions:/System/Library/Java/Extensions:/usr/lib/java" name="java.library.path"/>
    <property value="http://www.apple.com/" name="java.vendor.url"/>
    <property value="vi" name="env.SVN_EDITOR"/>
    <property value="Apple Inc." name="java.vm.vendor"/>
    <property value="false" name="gopherProxySet"/>
    <property value="/opt/local/share/java/maven2" name="maven.home"/>
    <property value="Java(TM) 2 Runtime Environment, Standard Edition" name="java.runtime.name"/>
    <property value="/opt/local/share/java/maven2/boot/classworlds-1.1.jar" name="java.class.path"/>
    <property value="Java Virtual Machine Specification" name="java.vm.specification.name"/>
    <property value="1.0" name="java.vm.specification.version"/>
    <property value="little" name="sun.cpu.endian"/>
    <property value="unknown" name="sun.os.patch.level"/>
    <property value="/Users/parrt" name="env.HOME"/>
    <property value="/Users/parrt/antlr/code/antlr/release-3.1.2/target/test-classes:/Users/parrt/antlr/code/antlr/release-3.1.2/target/classes:/Users/parrt/.m2/repository/junit/junit/4.5/junit-4.5.jar:/Users/parrt/.m2/repository/antlr/antlr/2.7.7/antlr-2.7.7.jar:/Users/parrt/.m2/repository/org/antlr/stringtemplate/3.2/stringtemplate-3.2.jar:/Users/parrt/.m2/repository/org/antlr/antlr-runtime/3.1.2/antlr-runtime-3.1.2.jar:/Users/parrt/.m2/repository/org/antlr/gunit/1.0.5/gunit-1.0.5.jar:" name="surefire.test.class.path"/>
    <property value="/tmp" name="java.io.tmpdir"/>
    <property value="http://bugreport.apple.com/" name="java.vendor.url.bug"/>
    <property value="/Users/parrt/vw7.6nc" name="env.VISUALWORKS"/>
    <property value="/tmp/launch-TDMtQd/Listeners" name="env.SSH_AUTH_SOCK"/>
    <property value="unix2003" name="env.COMMAND_MODE"/>
    <property value="apple.awt.CGraphicsEnvironment" name="java.awt.graphicsenv"/>
    <property value="i386" name="os.arch"/>
    <property value="/Library/Java/Extensions:/System/Library/Java/Extensions:/System/Library/Frameworks/JavaVM.framework/Versions/1.5.0/Home/lib/ext" name="java.ext.dirs"/>
    <property value="/Users/parrt/antlr/code/antlr/release-3.1.2" name="user.dir"/>
    <property value="1050.1.5.0_16-284" name="mrj.version"/>
    <property value="
" name="line.separator"/>
    <property value="Java HotSpot(TM) Client VM" name="java.vm.name"/>
    <property value=".p4" name="env.P4CONFIG"/>
    <property value="/Users/parrt/antlr/code/antlr/release-3.1.2" name="basedir"/>
    <property value="MacRoman" name="file.encoding"/>
    <property value="1.5" name="java.specification.version"/>
  </properties>
  <testcase classname="org.antlr.test.TestDFAConversion" time="0.001" name="testA"/>
  <testcase classname="org.antlr.test.TestDFAConversion" time="0.001" name="testInvokeRule">
    <failure type="org.junit.ComparisonFailure" message="expected:&lt;....s0-X-&gt;.s1
.s1-A-&gt;:s[2=&gt;1
.s1-B-&gt;:s3]=&gt;2
&gt; but was:&lt;....s0-X-&gt;.s1
.s1-A-&gt;:s[3=&gt;1
.s1-B-&gt;:s2]=&gt;2
&gt;">org.junit.ComparisonFailure: expected:&lt;....s0-X-&gt;.s1
.s1-A-&gt;:s[2=&gt;1
.s1-B-&gt;:s3]=&gt;2
&gt; but was:&lt;....s0-X-&gt;.s1
.s1-A-&gt;:s[3=&gt;1
.s1-B-&gt;:s2]=&gt;2
&gt;
	at org.junit.Assert.assertEquals(Assert.java:123)
	at org.junit.Assert.assertEquals(Assert.java:145)
	at org.antlr.test.BaseTest.assertEquals(BaseTest.java:873)
	at org.antlr.test.TestDFAConversion.checkDecision(TestDFAConversion.java:1597)
	at org.antlr.test.TestDFAConversion.testInvokeRule(TestDFAConversion.java:651)
	at sun.reflect.NativeMethodAccessorImpl.invoke0(Native Method)
	at sun.reflect.NativeMethodAccessorImpl.invoke(NativeMethodAccessorImpl.java:39)
	at sun.reflect.DelegatingMethodAccessorImpl.invoke(DelegatingMethodAccessorImpl.java:25)
	at java.lang.reflect.Method.invoke(Method.java:585)
	at org.junit.runners.model.FrameworkMethod$1.runReflectiveCall(FrameworkMethod.java:44)
	at org.junit.internal.runners.model.ReflectiveCallable.run(ReflectiveCallable.java:15)
	at org.junit.runners.model.FrameworkMethod.invokeExplosively(FrameworkMethod.java:41)
	at org.junit.internal.runners.statements.InvokeMethod.evaluate(InvokeMethod.java:20)
	at org.junit.internal.runners.statements.RunBefores.evaluate(RunBefores.java:28)
	at org.junit.internal.runners.statements.RunAfters.evaluate(RunAfters.java:31)
	at org.junit.runners.BlockJUnit4ClassRunner.runChild(BlockJUnit4ClassRunner.java:73)
	at org.junit.runners.BlockJUnit4ClassRunner.runChild(BlockJUnit4ClassRunner.java:46)
	at org.junit.runners.ParentRunner.runChildren(ParentRunner.java:180)
	at org.junit.runners.ParentRunner.access$000(ParentRunner.java:41)
	at org.junit.runners.ParentRunner$1.evaluate(ParentRunner.java:173)
	at org.junit.internal.runners.statements.RunBefores.evaluate(RunBefores.java:28)
	at org.junit.internal.runners.statements.RunAfters.evaluate(RunAfters.java:31)
	at org.junit.runners.ParentRunner.run(ParentRunner.java:220)
	at org.apache.maven.surefire.junit4.JUnit4TestSet.execute(JUnit4TestSet.java:62)
	at org.apache.maven.surefire.suite.AbstractDirectoryTestSuite.executeTestSet(AbstractDirectoryTestSuite.java:140)
	at org.apache.maven.surefire.suite.AbstractDirectoryTestSuite.execute(AbstractDirectoryTestSuite.java:127)
	at org.apache.maven.surefire.Surefire.run(Surefire.java:177)
	at sun.reflect.NativeMethodAccessorImpl.invoke0(Native Method)
	at sun.reflect.NativeMethodAccessorImpl.invoke(NativeMethodAccessorImpl.java:39)
	at sun.reflect.DelegatingMethodAccessorImpl.invoke(DelegatingMethodAccessorImpl.java:25)
	at java.lang.reflect.Method.invoke(Method.java:585)
	at org.apache.maven.surefire.booter.SurefireBooter.runSuitesInProcess(SurefireBooter.java:338)
	at org.apache.maven.surefire.booter.SurefireBooter.main(SurefireBooter.java:997)
</failure>
  </testcase>
  <testcase classname="org.antlr.test.TestDFAConversion" time="0.001" name="testAB_or_AC"/>
  <testcase classname="org.antlr.test.TestDFAConversion" time="0.001" name="testAB_or_AC_k2"/>
  <testcase classname="org.antlr.test.TestDFAConversion" time="0.001" name="testAB_or_AC_k1"/>
  <testcase classname="org.antlr.test.TestDFAConversion" time="0.002" name="testselfRecurseNonDet"/>
  <testcase classname="org.antlr.test.TestDFAConversion" time="0.002" name="testRecursionOverflow"/>
  <testcase classname="org.antlr.test.TestDFAConversion" time="0.001" name="testRecursionOverflow2"/>
  <testcase classname="org.antlr.test.TestDFAConversion" time="0.001" name="testRecursionOverflowWithPredOk"/>
  <testcase classname="org.antlr.test.TestDFAConversion" time="0.002" name="testRecursionOverflowWithPredOk2"/>
  <testcase classname="org.antlr.test.TestDFAConversion" time="0.001" name="testCannotSeePastRecursion"/>
  <testcase classname="org.antlr.test.TestDFAConversion" time="0.001" name="testSynPredResolvesRecursion"/>
  <testcase classname="org.antlr.test.TestDFAConversion" time="0.001" name="testSemPredResolvesRecursion"/>
  <testcase classname="org.antlr.test.TestDFAConversion" time="0.001" name="testSemPredResolvesRecursion2"/>
  <testcase classname="org.antlr.test.TestDFAConversion" time="0.001" name="testSemPredResolvesRecursion3"/>
  <testcase classname="org.antlr.test.TestDFAConversion" time="0.002" name="testSynPredResolvesRecursion2"/>
  <testcase classname="org.antlr.test.TestDFAConversion" time="0.002" name="testSynPredResolvesRecursion3"/>
  <testcase classname="org.antlr.test.TestDFAConversion" time="0.002" name="testSynPredResolvesRecursion4"/>
  <testcase classname="org.antlr.test.TestDFAConversion" time="0.001" name="testSynPredResolvesRecursionInLexer"/>
  <testcase classname="org.antlr.test.TestDFAConversion" time="0.005" name="testAutoBacktrackResolvesRecursionInLexer"/>
  <testcase classname="org.antlr.test.TestDFAConversion" time="0.002" name="testAutoBacktrackResolvesRecursion"/>
  <testcase classname="org.antlr.test.TestDFAConversion" time="0.001" name="testselfRecurseNonDet2"/>
  <testcase classname="org.antlr.test.TestDFAConversion" time="0.002" name="testIndirectRecursionLoop"/>
  <testcase classname="org.antlr.test.TestDFAConversion" time="0.001" name="testIndirectRecursionLoop2"/>
  <testcase classname="org.antlr.test.TestDFAConversion" time="0.002" name="testIndirectRecursionLoop3"/>
  <testcase classname="org.antlr.test.TestDFAConversion" time="0.001" name="testifThenElse"/>
  <testcase classname="org.antlr.test.TestDFAConversion" time="0.001" name="testifThenElseChecksStackSuffixConflict"/>
  <testcase classname="org.antlr.test.TestDFAConversion" time="0.001" name="testDoubleInvokeRuleLeftEdge">
    <failure type="org.junit.ComparisonFailure" message="expected:&lt;.s0-C-&gt;.s1
.s1-B-&gt;.s[2
.s1-X-&gt;:s4=&gt;1
.s1-Y-&gt;:s3=&gt;2
.s2-X-&gt;:s4=&gt;1
.s2]-Y-&gt;:s3=&gt;2
&gt; but was:&lt;.s0-C-&gt;.s1
.s1-B-&gt;.s[4
.s1-X-&gt;:s2=&gt;1
.s1-Y-&gt;:s3=&gt;2
.s4-X-&gt;:s2=&gt;1
.s4]-Y-&gt;:s3=&gt;2
&gt;">org.junit.ComparisonFailure: expected:&lt;.s0-C-&gt;.s1
.s1-B-&gt;.s[2
.s1-X-&gt;:s4=&gt;1
.s1-Y-&gt;:s3=&gt;2
.s2-X-&gt;:s4=&gt;1
.s2]-Y-&gt;:s3=&gt;2
&gt; but was:&lt;.s0-C-&gt;.s1
.s1-B-&gt;.s[4
.s1-X-&gt;:s2=&gt;1
.s1-Y-&gt;:s3=&gt;2
.s4-X-&gt;:s2=&gt;1
.s4]-Y-&gt;:s3=&gt;2
&gt;
	at org.junit.Assert.assertEquals(Assert.java:123)
	at org.junit.Assert.assertEquals(Assert.java:145)
	at org.antlr.test.BaseTest.assertEquals(BaseTest.java:873)
	at org.antlr.test.TestDFAConversion.checkDecision(TestDFAConversion.java:1597)
	at org.antlr.test.TestDFAConversion.testDoubleInvokeRuleLeftEdge(TestDFAConversion.java:672)
	at sun.reflect.NativeMethodAccessorImpl.invoke0(Native Method)
	at sun.reflect.NativeMethodAccessorImpl.invoke(NativeMethodAccessorImpl.java:39)
	at sun.reflect.DelegatingMethodAccessorImpl.invoke(DelegatingMethodAccessorImpl.java:25)
	at java.lang.reflect.Method.invoke(Method.java:585)
	at org.junit.runners.model.FrameworkMethod$1.runReflectiveCall(FrameworkMethod.java:44)
	at org.junit.internal.runners.model.ReflectiveCallable.run(ReflectiveCallable.java:15)
	at org.junit.runners.model.FrameworkMethod.invokeExplosively(FrameworkMethod.java:41)
	at org.junit.internal.runners.statements.InvokeMethod.evaluate(InvokeMethod.java:20)
	at org.junit.internal.runners.statements.RunBefores.evaluate(RunBefores.java:28)
	at org.junit.internal.runners.statements.RunAfters.evaluate(RunAfters.java:31)
	at org.junit.runners.BlockJUnit4ClassRunner.runChild(BlockJUnit4ClassRunner.java:73)
	at org.junit.runners.BlockJUnit4ClassRunner.runChild(BlockJUnit4ClassRunner.java:46)
	at org.junit.runners.ParentRunner.runChildren(ParentRunner.java:180)
	at org.junit.runners.ParentRunner.access$000(ParentRunner.java:41)
	at org.junit.runners.ParentRunner$1.evaluate(ParentRunner.java:173)
	at org.junit.internal.runners.statements.RunBefores.evaluate(RunBefores.java:28)
	at org.junit.internal.runners.statements.RunAfters.evaluate(RunAfters.java:31)
	at org.junit.runners.ParentRunner.run(ParentRunner.java:220)
	at org.apache.maven.surefire.junit4.JUnit4TestSet.execute(JUnit4TestSet.java:62)
	at org.apache.maven.surefire.suite.AbstractDirectoryTestSuite.executeTestSet(AbstractDirectoryTestSuite.java:140)
	at org.apache.maven.surefire.suite.AbstractDirectoryTestSuite.execute(AbstractDirectoryTestSuite.java:127)
	at org.apache.maven.surefire.Surefire.run(Surefire.java:177)
	at sun.reflect.NativeMethodAccessorImpl.invoke0(Native Method)
	at sun.reflect.NativeMethodAccessorImpl.invoke(NativeMethodAccessorImpl.java:39)
	at sun.reflect.DelegatingMethodAccessorImpl.invoke(DelegatingMethodAccessorImpl.java:25)
	at java.lang.reflect.Method.invoke(Method.java:585)
	at org.apache.maven.surefire.booter.SurefireBooter.runSuitesInProcess(SurefireBooter.java:338)
	at org.apache.maven.surefire.booter.SurefireBooter.main(SurefireBooter.java:997)
</failure>
  </testcase>
  <testcase classname="org.antlr.test.TestDFAConversion" time="0.004" name="testimmediateTailRecursion"/>
  <testcase classname="org.antlr.test.TestDFAConversion" time="0.001" name="testAStar_immediateTailRecursion"/>
  <testcase classname="org.antlr.test.TestDFAConversion" time="0.051" name="testNoStartRule"/>
  <testcase classname="org.antlr.test.TestDFAConversion" time="0.001" name="testAStar_immediateTailRecursion2">
    <failure type="org.junit.ComparisonFailure" message="expected:&lt;.s0-A-&gt;.s1
.s1-A-&gt;:s[2=&gt;1
.s1-EOF-&gt;:s3]=&gt;2
&gt; but was:&lt;.s0-A-&gt;.s1
.s1-A-&gt;:s[3=&gt;1
.s1-EOF-&gt;:s2]=&gt;2
&gt;">org.junit.ComparisonFailure: expected:&lt;.s0-A-&gt;.s1
.s1-A-&gt;:s[2=&gt;1
.s1-EOF-&gt;:s3]=&gt;2
&gt; but was:&lt;.s0-A-&gt;.s1
.s1-A-&gt;:s[3=&gt;1
.s1-EOF-&gt;:s2]=&gt;2
&gt;
	at org.junit.Assert.assertEquals(Assert.java:123)
	at org.junit.Assert.assertEquals(Assert.java:145)
	at org.antlr.test.BaseTest.assertEquals(BaseTest.java:873)
	at org.antlr.test.TestDFAConversion.checkDecision(TestDFAConversion.java:1597)
	at org.antlr.test.TestDFAConversion.testAStar_immediateTailRecursion2(TestDFAConversion.java:743)
	at sun.reflect.NativeMethodAccessorImpl.invoke0(Native Method)
	at sun.reflect.NativeMethodAccessorImpl.invoke(NativeMethodAccessorImpl.java:39)
	at sun.reflect.DelegatingMethodAccessorImpl.invoke(DelegatingMethodAccessorImpl.java:25)
	at java.lang.reflect.Method.invoke(Method.java:585)
	at org.junit.runners.model.FrameworkMethod$1.runReflectiveCall(FrameworkMethod.java:44)
	at org.junit.internal.runners.model.ReflectiveCallable.run(ReflectiveCallable.java:15)
	at org.junit.runners.model.FrameworkMethod.invokeExplosively(FrameworkMethod.java:41)
	at org.junit.internal.runners.statements.InvokeMethod.evaluate(InvokeMethod.java:20)
	at org.junit.internal.runners.statements.RunBefores.evaluate(RunBefores.java:28)
	at org.junit.internal.runners.statements.RunAfters.evaluate(RunAfters.java:31)
	at org.junit.runners.BlockJUnit4ClassRunner.runChild(BlockJUnit4ClassRunner.java:73)
	at org.junit.runners.BlockJUnit4ClassRunner.runChild(BlockJUnit4ClassRunner.java:46)
	at org.junit.runners.ParentRunner.runChildren(ParentRunner.java:180)
	at org.junit.runners.ParentRunner.access$000(ParentRunner.java:41)
	at org.junit.runners.ParentRunner$1.evaluate(ParentRunner.java:173)
	at org.junit.internal.runners.statements.RunBefores.evaluate(RunBefores.java:28)
	at org.junit.internal.runners.statements.RunAfters.evaluate(RunAfters.java:31)
	at org.junit.runners.ParentRunner.run(ParentRunner.java:220)
	at org.apache.maven.surefire.junit4.JUnit4TestSet.execute(JUnit4TestSet.java:62)
	at org.apache.maven.surefire.suite.AbstractDirectoryTestSuite.executeTestSet(AbstractDirectoryTestSuite.java:140)
	at org.apache.maven.surefire.suite.AbstractDirectoryTestSuite.execute(AbstractDirectoryTestSuite.java:127)
	at org.apache.maven.surefire.Surefire.run(Surefire.java:177)
	at sun.reflect.NativeMethodAccessorImpl.invoke0(Native Method)
	at sun.reflect.NativeMethodAccessorImpl.invoke(NativeMethodAccessorImpl.java:39)
	at sun.reflect.DelegatingMethodAccessorImpl.invoke(DelegatingMethodAccessorImpl.java:25)
	at java.lang.reflect.Method.invoke(Method.java:585)
	at org.apache.maven.surefire.booter.SurefireBooter.runSuitesInProcess(SurefireBooter.java:338)
	at org.apache.maven.surefire.booter.SurefireBooter.main(SurefireBooter.java:997)
</failure>
  </testcase>
  <testcase classname="org.antlr.test.TestDFAConversion" time="0.002" name="testimmediateLeftRecursion"/>
  <testcase classname="org.antlr.test.TestDFAConversion" time="0.001" name="testIndirectLeftRecursion"/>
  <testcase classname="org.antlr.test.TestDFAConversion" time="0.001" name="testLeftRecursionInMultipleCycles"/>
  <testcase classname="org.antlr.test.TestDFAConversion" time="0" name="testCycleInsideRuleDoesNotForceInfiniteRecursion"/>
  <testcase classname="org.antlr.test.TestDFAConversion" time="0.001" name="testAStar"/>
  <testcase classname="org.antlr.test.TestDFAConversion" time="0.001" name="testAorBorCStar"/>
  <testcase classname="org.antlr.test.TestDFAConversion" time="0.001" name="testAPlus"/>
  <testcase classname="org.antlr.test.TestDFAConversion" time="0.001" name="testAPlusNonGreedyWhenDeterministic"/>
  <testcase classname="org.antlr.test.TestDFAConversion" time="0.001" name="testAPlusNonGreedyWhenNonDeterministic"/>
  <testcase classname="org.antlr.test.TestDFAConversion" time="0.001" name="testAPlusGreedyWhenNonDeterministic"/>
  <testcase classname="org.antlr.test.TestDFAConversion" time="0" name="testAorBorCPlus"/>
  <testcase classname="org.antlr.test.TestDFAConversion" time="0.001" name="testAOptional"/>
  <testcase classname="org.antlr.test.TestDFAConversion" time="0.002" name="testAorBorCOptional"/>
  <testcase classname="org.antlr.test.TestDFAConversion" time="0.001" name="testAStarBOrAStarC">
    <failure type="org.junit.ComparisonFailure" message="expected:&lt;.s0-A-&gt;.s1
.s0-B-&gt;:s[2=&gt;1
.s0-C-&gt;:s3=&gt;2
.s1-A-&gt;.s1
.s1-B-&gt;:s2=&gt;1
.s1-C-&gt;:s3]=&gt;2
&gt; but was:&lt;.s0-A-&gt;.s1
.s0-B-&gt;:s[3=&gt;1
.s0-C-&gt;:s2=&gt;2
.s1-A-&gt;.s1
.s1-B-&gt;:s3=&gt;1
.s1-C-&gt;:s2]=&gt;2
&gt;">org.junit.ComparisonFailure: expected:&lt;.s0-A-&gt;.s1
.s0-B-&gt;:s[2=&gt;1
.s0-C-&gt;:s3=&gt;2
.s1-A-&gt;.s1
.s1-B-&gt;:s2=&gt;1
.s1-C-&gt;:s3]=&gt;2
&gt; but was:&lt;.s0-A-&gt;.s1
.s0-B-&gt;:s[3=&gt;1
.s0-C-&gt;:s2=&gt;2
.s1-A-&gt;.s1
.s1-B-&gt;:s3=&gt;1
.s1-C-&gt;:s2]=&gt;2
&gt;
	at org.junit.Assert.assertEquals(Assert.java:123)
	at org.junit.Assert.assertEquals(Assert.java:145)
	at org.antlr.test.BaseTest.assertEquals(BaseTest.java:873)
	at org.antlr.test.TestDFAConversion.checkDecision(TestDFAConversion.java:1597)
	at org.antlr.test.TestDFAConversion.testAStarBOrAStarC(TestDFAConversion.java:923)
	at sun.reflect.NativeMethodAccessorImpl.invoke0(Native Method)
	at sun.reflect.NativeMethodAccessorImpl.invoke(NativeMethodAccessorImpl.java:39)
	at sun.reflect.DelegatingMethodAccessorImpl.invoke(DelegatingMethodAccessorImpl.java:25)
	at java.lang.reflect.Method.invoke(Method.java:585)
	at org.junit.runners.model.FrameworkMethod$1.runReflectiveCall(FrameworkMethod.java:44)
	at org.junit.internal.runners.model.ReflectiveCallable.run(ReflectiveCallable.java:15)
	at org.junit.runners.model.FrameworkMethod.invokeExplosively(FrameworkMethod.java:41)
	at org.junit.internal.runners.statements.InvokeMethod.evaluate(InvokeMethod.java:20)
	at org.junit.internal.runners.statements.RunBefores.evaluate(RunBefores.java:28)
	at org.junit.internal.runners.statements.RunAfters.evaluate(RunAfters.java:31)
	at org.junit.runners.BlockJUnit4ClassRunner.runChild(BlockJUnit4ClassRunner.java:73)
	at org.junit.runners.BlockJUnit4ClassRunner.runChild(BlockJUnit4ClassRunner.java:46)
	at org.junit.runners.ParentRunner.runChildren(ParentRunner.java:180)
	at org.junit.runners.ParentRunner.access$000(ParentRunner.java:41)
	at org.junit.runners.ParentRunner$1.evaluate(ParentRunner.java:173)
	at org.junit.internal.runners.statements.RunBefores.evaluate(RunBefores.java:28)
	at org.junit.internal.runners.statements.RunAfters.evaluate(RunAfters.java:31)
	at org.junit.runners.ParentRunner.run(ParentRunner.java:220)
	at org.apache.maven.surefire.junit4.JUnit4TestSet.execute(JUnit4TestSet.java:62)
	at org.apache.maven.surefire.suite.AbstractDirectoryTestSuite.executeTestSet(AbstractDirectoryTestSuite.java:140)
	at org.apache.maven.surefire.suite.AbstractDirectoryTestSuite.execute(AbstractDirectoryTestSuite.java:127)
	at org.apache.maven.surefire.Surefire.run(Surefire.java:177)
	at sun.reflect.NativeMethodAccessorImpl.invoke0(Native Method)
	at sun.reflect.NativeMethodAccessorImpl.invoke(NativeMethodAccessorImpl.java:39)
	at sun.reflect.DelegatingMethodAccessorImpl.invoke(DelegatingMethodAccessorImpl.java:25)
	at java.lang.reflect.Method.invoke(Method.java:585)
	at org.apache.maven.surefire.booter.SurefireBooter.runSuitesInProcess(SurefireBooter.java:338)
	at org.apache.maven.surefire.booter.SurefireBooter.main(SurefireBooter.java:997)
</failure>
  </testcase>
  <testcase classname="org.antlr.test.TestDFAConversion" time="0.001" name="testAStarBOrAPlusC">
    <failure type="org.junit.ComparisonFailure" message="expected:&lt;.s0-A-&gt;.s1
.s0-B-&gt;:s[2=&gt;1
.s1-A-&gt;.s1
.s1-B-&gt;:s2=&gt;1
.s1-C-&gt;:s3]=&gt;2
&gt; but was:&lt;.s0-A-&gt;.s1
.s0-B-&gt;:s[3=&gt;1
.s1-A-&gt;.s1
.s1-B-&gt;:s3=&gt;1
.s1-C-&gt;:s2]=&gt;2
&gt;">org.junit.ComparisonFailure: expected:&lt;.s0-A-&gt;.s1
.s0-B-&gt;:s[2=&gt;1
.s1-A-&gt;.s1
.s1-B-&gt;:s2=&gt;1
.s1-C-&gt;:s3]=&gt;2
&gt; but was:&lt;.s0-A-&gt;.s1
.s0-B-&gt;:s[3=&gt;1
.s1-A-&gt;.s1
.s1-B-&gt;:s3=&gt;1
.s1-C-&gt;:s2]=&gt;2
&gt;
	at org.junit.Assert.assertEquals(Assert.java:123)
	at org.junit.Assert.assertEquals(Assert.java:145)
	at org.antlr.test.BaseTest.assertEquals(BaseTest.java:873)
	at org.antlr.test.TestDFAConversion.checkDecision(TestDFAConversion.java:1597)
	at org.antlr.test.TestDFAConversion.testAStarBOrAPlusC(TestDFAConversion.java:945)
	at sun.reflect.NativeMethodAccessorImpl.invoke0(Native Method)
	at sun.reflect.NativeMethodAccessorImpl.invoke(NativeMethodAccessorImpl.java:39)
	at sun.reflect.DelegatingMethodAccessorImpl.invoke(DelegatingMethodAccessorImpl.java:25)
	at java.lang.reflect.Method.invoke(Method.java:585)
	at org.junit.runners.model.FrameworkMethod$1.runReflectiveCall(FrameworkMethod.java:44)
	at org.junit.internal.runners.model.ReflectiveCallable.run(ReflectiveCallable.java:15)
	at org.junit.runners.model.FrameworkMethod.invokeExplosively(FrameworkMethod.java:41)
	at org.junit.internal.runners.statements.InvokeMethod.evaluate(InvokeMethod.java:20)
	at org.junit.internal.runners.statements.RunBefores.evaluate(RunBefores.java:28)
	at org.junit.internal.runners.statements.RunAfters.evaluate(RunAfters.java:31)
	at org.junit.runners.BlockJUnit4ClassRunner.runChild(BlockJUnit4ClassRunner.java:73)
	at org.junit.runners.BlockJUnit4ClassRunner.runChild(BlockJUnit4ClassRunner.java:46)
	at org.junit.runners.ParentRunner.runChildren(ParentRunner.java:180)
	at org.junit.runners.ParentRunner.access$000(ParentRunner.java:41)
	at org.junit.runners.ParentRunner$1.evaluate(ParentRunner.java:173)
	at org.junit.internal.runners.statements.RunBefores.evaluate(RunBefores.java:28)
	at org.junit.internal.runners.statements.RunAfters.evaluate(RunAfters.java:31)
	at org.junit.runners.ParentRunner.run(ParentRunner.java:220)
	at org.apache.maven.surefire.junit4.JUnit4TestSet.execute(JUnit4TestSet.java:62)
	at org.apache.maven.surefire.suite.AbstractDirectoryTestSuite.executeTestSet(AbstractDirectoryTestSuite.java:140)
	at org.apache.maven.surefire.suite.AbstractDirectoryTestSuite.execute(AbstractDirectoryTestSuite.java:127)
	at org.apache.maven.surefire.Surefire.run(Surefire.java:177)
	at sun.reflect.NativeMethodAccessorImpl.invoke0(Native Method)
	at sun.reflect.NativeMethodAccessorImpl.invoke(NativeMethodAccessorImpl.java:39)
	at sun.reflect.DelegatingMethodAccessorImpl.invoke(DelegatingMethodAccessorImpl.java:25)
	at java.lang.reflect.Method.invoke(Method.java:585)
	at org.apache.maven.surefire.booter.SurefireBooter.runSuitesInProcess(SurefireBooter.java:338)
	at org.apache.maven.surefire.booter.SurefireBooter.main(SurefireBooter.java:997)
</failure>
  </testcase>
  <testcase classname="org.antlr.test.TestDFAConversion" time="0.001" name="testAOrBPlusOrAPlus">
    <failure type="org.junit.ComparisonFailure" message="expected:&lt;...-A-&gt;.s1
.s0-B..X-&gt;:s[2=&gt;1
.s1-A-&gt;.s1
.s1-B..X-&gt;:s2=&gt;1
.s1-Y-&gt;:s3]=&gt;2
&gt; but was:&lt;...-A-&gt;.s1
.s0-B..X-&gt;:s[3=&gt;1
.s1-A-&gt;.s1
.s1-B..X-&gt;:s3=&gt;1
.s1-Y-&gt;:s2]=&gt;2
&gt;">org.junit.ComparisonFailure: expected:&lt;...-A-&gt;.s1
.s0-B..X-&gt;:s[2=&gt;1
.s1-A-&gt;.s1
.s1-B..X-&gt;:s2=&gt;1
.s1-Y-&gt;:s3]=&gt;2
&gt; but was:&lt;...-A-&gt;.s1
.s0-B..X-&gt;:s[3=&gt;1
.s1-A-&gt;.s1
.s1-B..X-&gt;:s3=&gt;1
.s1-Y-&gt;:s2]=&gt;2
&gt;
	at org.junit.Assert.assertEquals(Assert.java:123)
	at org.junit.Assert.assertEquals(Assert.java:145)
	at org.antlr.test.BaseTest.assertEquals(BaseTest.java:873)
	at org.antlr.test.TestDFAConversion.checkDecision(TestDFAConversion.java:1597)
	at org.antlr.test.TestDFAConversion.testAOrBPlusOrAPlus(TestDFAConversion.java:968)
	at sun.reflect.NativeMethodAccessorImpl.invoke0(Native Method)
	at sun.reflect.NativeMethodAccessorImpl.invoke(NativeMethodAccessorImpl.java:39)
	at sun.reflect.DelegatingMethodAccessorImpl.invoke(DelegatingMethodAccessorImpl.java:25)
	at java.lang.reflect.Method.invoke(Method.java:585)
	at org.junit.runners.model.FrameworkMethod$1.runReflectiveCall(FrameworkMethod.java:44)
	at org.junit.internal.runners.model.ReflectiveCallable.run(ReflectiveCallable.java:15)
	at org.junit.runners.model.FrameworkMethod.invokeExplosively(FrameworkMethod.java:41)
	at org.junit.internal.runners.statements.InvokeMethod.evaluate(InvokeMethod.java:20)
	at org.junit.internal.runners.statements.RunBefores.evaluate(RunBefores.java:28)
	at org.junit.internal.runners.statements.RunAfters.evaluate(RunAfters.java:31)
	at org.junit.runners.BlockJUnit4ClassRunner.runChild(BlockJUnit4ClassRunner.java:73)
	at org.junit.runners.BlockJUnit4ClassRunner.runChild(BlockJUnit4ClassRunner.java:46)
	at org.junit.runners.ParentRunner.runChildren(ParentRunner.java:180)
	at org.junit.runners.ParentRunner.access$000(ParentRunner.java:41)
	at org.junit.runners.ParentRunner$1.evaluate(ParentRunner.java:173)
	at org.junit.internal.runners.statements.RunBefores.evaluate(RunBefores.java:28)
	at org.junit.internal.runners.statements.RunAfters.evaluate(RunAfters.java:31)
	at org.junit.runners.ParentRunner.run(ParentRunner.java:220)
	at org.apache.maven.surefire.junit4.JUnit4TestSet.execute(JUnit4TestSet.java:62)
	at org.apache.maven.surefire.suite.AbstractDirectoryTestSuite.executeTestSet(AbstractDirectoryTestSuite.java:140)
	at org.apache.maven.surefire.suite.AbstractDirectoryTestSuite.execute(AbstractDirectoryTestSuite.java:127)
	at org.apache.maven.surefire.Surefire.run(Surefire.java:177)
	at sun.reflect.NativeMethodAccessorImpl.invoke0(Native Method)
	at sun.reflect.NativeMethodAccessorImpl.invoke(NativeMethodAccessorImpl.java:39)
	at sun.reflect.DelegatingMethodAccessorImpl.invoke(DelegatingMethodAccessorImpl.java:25)
	at java.lang.reflect.Method.invoke(Method.java:585)
	at org.apache.maven.surefire.booter.SurefireBooter.runSuitesInProcess(SurefireBooter.java:338)
	at org.apache.maven.surefire.booter.SurefireBooter.main(SurefireBooter.java:997)
</failure>
  </testcase>
  <testcase classname="org.antlr.test.TestDFAConversion" time="0.001" name="testLoopbackAndExit"/>
  <testcase classname="org.antlr.test.TestDFAConversion" time="0.001" name="testOptionalAltAndBypass"/>
  <testcase classname="org.antlr.test.TestDFAConversion" time="0.001" name="testResolveLL1ByChoosingFirst"/>
  <testcase classname="org.antlr.test.TestDFAConversion" time="0" name="testResolveLL2ByChoosingFirst"/>
  <testcase classname="org.antlr.test.TestDFAConversion" time="0.002" name="testResolveLL2MixAlt"/>
  <testcase classname="org.antlr.test.TestDFAConversion" time="0.002" name="testIndirectIFThenElseStyleAmbig"/>
  <testcase classname="org.antlr.test.TestDFAConversion" time="0.001" name="testComplement"/>
  <testcase classname="org.antlr.test.TestDFAConversion" time="0.001" name="testComplementToken"/>
  <testcase classname="org.antlr.test.TestDFAConversion" time="0.001" name="testComplementChar"/>
  <testcase classname="org.antlr.test.TestDFAConversion" time="0.001" name="testComplementCharSet"/>
  <testcase classname="org.antlr.test.TestDFAConversion" time="0.006" name="testNoSetCollapseWithActions"/>
  <testcase classname="org.antlr.test.TestDFAConversion" time="0.001" name="testRuleAltsSetCollapse"/>
  <testcase classname="org.antlr.test.TestDFAConversion" time="0.001" name="testTokensRuleAltsDoNotCollapse"/>
  <testcase classname="org.antlr.test.TestDFAConversion" time="0.001" name="testMultipleSequenceCollision"/>
  <testcase classname="org.antlr.test.TestDFAConversion" time="0.001" name="testMultipleAltsSameSequenceCollision"/>
  <testcase classname="org.antlr.test.TestDFAConversion" time="0.001" name="testFollowReturnsToLoopReenteringSameRule"/>
  <testcase classname="org.antlr.test.TestDFAConversion" time="0.002" name="testTokenCallsAnotherOnLeftEdge"/>
  <testcase classname="org.antlr.test.TestDFAConversion" time="0.003" name="testSelfRecursionAmbigAlts"/>
  <testcase classname="org.antlr.test.TestDFAConversion" time="0.001" name="testIndirectRecursionAmbigAlts"/>
  <testcase classname="org.antlr.test.TestDFAConversion" time="0.001" name="testTailRecursionInvokedFromArbitraryLookaheadDecision"/>
  <testcase classname="org.antlr.test.TestDFAConversion" time="0.002" name="testWildcardStarK1AndNonGreedyByDefaultInParser"/>
  <testcase classname="org.antlr.test.TestDFAConversion" time="0.001" name="testWildcardPlusK1AndNonGreedyByDefaultInParser"/>
  <testcase classname="org.antlr.test.TestDFAConversion" time="0.002" name="testGatedSynPred"/>
  <testcase classname="org.antlr.test.TestDFAConversion" time="0.001" name="testHoistedGatedSynPred"/>
  <testcase classname="org.antlr.test.TestDFAConversion" time="0.001" name="testCyclicTableCreation"/>
  <testcase classname="org.antlr.test.TestDFAConversion" time="0.002" name="testWildcardInTreeGrammar"/>
  <testcase classname="org.antlr.test.TestDFAConversion" time="0.002" name="testWildcardInTreeGrammar2"/>
</testsuite>