<?xml version="1.0" encoding="UTF-8" ?>
<testsuite errors="0" skipped="0" tests="42" time="0.119" failures="5" name="org.antlr.test.TestSemanticPredicates">
  <properties>
[...]
</properties>
  <testcase classname="org.antlr.test.TestSemanticPredicates" time="0.003" name="testGatedPred">
    <failure type="org.junit.ComparisonFailure" message="expected:&lt;.s0-&apos;a&apos;&amp;&amp;{([q||p)}?-&gt;.s1
.s0-&apos;b&apos;&amp;&amp;{q}?-&gt;:s4=&gt;2
.s1-&apos;a&apos;..&apos;b&apos;&amp;&amp;{q}?-&gt;:s4=&gt;2
.s1-&lt;EOT&gt;&amp;&amp;{(q||p])}?-&gt;.s2
.s2-{p}?-&gt;:...&gt; but was:&lt;.s0-&apos;a&apos;&amp;&amp;{([p||q)}?-&gt;.s1
.s0-&apos;b&apos;&amp;&amp;{q}?-&gt;:s4=&gt;2
.s1-&apos;a&apos;..&apos;b&apos;&amp;&amp;{q}?-&gt;:s4=&gt;2
.s1-&lt;EOT&gt;&amp;&amp;{(p||q])}?-&gt;.s2
.s2-{p}?-&gt;:...&gt;">org.junit.ComparisonFailure: expected:&lt;.s0-&apos;a&apos;&amp;&amp;{([q||p)}?-&gt;.s1
.s0-&apos;b&apos;&amp;&amp;{q}?-&gt;:s4=&gt;2
.s1-&apos;a&apos;..&apos;b&apos;&amp;&amp;{q}?-&gt;:s4=&gt;2
.s1-&lt;EOT&gt;&amp;&amp;{(q||p])}?-&gt;.s2
.s2-{p}?-&gt;:...&gt; but was:&lt;.s0-&apos;a&apos;&amp;&amp;{([p||q)}?-&gt;.s1
.s0-&apos;b&apos;&amp;&amp;{q}?-&gt;:s4=&gt;2
.s1-&apos;a&apos;..&apos;b&apos;&amp;&amp;{q}?-&gt;:s4=&gt;2
.s1-&lt;EOT&gt;&amp;&amp;{(p||q])}?-&gt;.s2
.s2-{p}?-&gt;:...&gt;
	at org.junit.Assert.assertEquals(Assert.java:123)
	at org.junit.Assert.assertEquals(Assert.java:145)
	at org.antlr.test.BaseTest.assertEquals(BaseTest.java:873)
	at org.antlr.test.TestSemanticPredicates.checkDecision(TestSemanticPredicates.java:900)
	at org.antlr.test.TestSemanticPredicates.testGatedPred(TestSemanticPredicates.java:453)
	at sun.reflect.NativeMethodAccessorImpl.invoke0(Native Method)
	at sun.reflect.NativeMethodAccessorImpl.invoke(NativeMethodAccessorImpl.java:39)
	at sun.reflect.DelegatingMethodAccessorImpl.invoke(DelegatingMethodAccessorImpl.java:25)
	at java.lang.reflect.Method.invoke(Method.java:585)
	at org.junit.runners.model.FrameworkMethod$1.runReflectiveCall(FrameworkMethod.java:44)
	at org.junit.internal.runners.model.ReflectiveCallable.run(ReflectiveCallable.java:15)
	at org.junit.runners.model.FrameworkMethod.invokeExplosively(FrameworkMethod.java:41)
	at org.junit.internal.runners.statements.InvokeMethod.evaluate(InvokeMethod.java:20)
	at org.junit.internal.runners.statements.RunBefores.evaluate(RunBefores.java:28)
	at org.junit.internal.runners.statements.RunAfters.evaluate(RunAfters.java:31)
	at org.junit.runners.BlockJUnit4ClassRunner.runChild(BlockJUnit4ClassRunner.java:73)
	at org.junit.runners.BlockJUnit4ClassRunner.runChild(BlockJUnit4ClassRunner.java:46)
	at org.junit.runners.ParentRunner.runChildren(ParentRunner.java:180)
	at org.junit.runners.ParentRunner.access$000(ParentRunner.java:41)
	at org.junit.runners.ParentRunner$1.evaluate(ParentRunner.java:173)
	at org.junit.internal.runners.statements.RunBefores.evaluate(RunBefores.java:28)
	at org.junit.internal.runners.statements.RunAfters.evaluate(RunAfters.java:31)
	at org.junit.runners.ParentRunner.run(ParentRunner.java:220)
	at org.apache.maven.surefire.junit4.JUnit4TestSet.execute(JUnit4TestSet.java:62)
	at org.apache.maven.surefire.suite.AbstractDirectoryTestSuite.executeTestSet(AbstractDirectoryTestSuite.java:140)
	at org.apache.maven.surefire.suite.AbstractDirectoryTestSuite.execute(AbstractDirectoryTestSuite.java:127)
	at org.apache.maven.surefire.Surefire.run(Surefire.java:177)
	at sun.reflect.NativeMethodAccessorImpl.invoke0(Native Method)
	at sun.reflect.NativeMethodAccessorImpl.invoke(NativeMethodAccessorImpl.java:39)
	at sun.reflect.DelegatingMethodAccessorImpl.invoke(DelegatingMethodAccessorImpl.java:25)
	at java.lang.reflect.Method.invoke(Method.java:585)
	at org.apache.maven.surefire.booter.SurefireBooter.runSuitesInProcess(SurefireBooter.java:338)
	at org.apache.maven.surefire.booter.SurefireBooter.main(SurefireBooter.java:997)
</failure>
  </testcase>
  <testcase classname="org.antlr.test.TestSemanticPredicates" time="0.001" name="testPredsButSyntaxResolves"/>
  <testcase classname="org.antlr.test.TestSemanticPredicates" time="0.001" name="testLL_1_Pred"/>
  <testcase classname="org.antlr.test.TestSemanticPredicates" time="0.002" name="testLL_1_Pred_forced_k_1"/>
  <testcase classname="org.antlr.test.TestSemanticPredicates" time="0.003" name="testLL_2_Pred"/>
  <testcase classname="org.antlr.test.TestSemanticPredicates" time="0.003" name="testPredicatedLoop"/>
  <testcase classname="org.antlr.test.TestSemanticPredicates" time="0.001" name="testPredicatedToStayInLoop"/>
  <testcase classname="org.antlr.test.TestSemanticPredicates" time="0.001" name="testAndPredicates"/>
  <testcase classname="org.antlr.test.TestSemanticPredicates" time="0.002" name="testOrPredicates">
    <failure type="org.junit.ComparisonFailure" message="expected:&lt;.s0-A-&gt;.s1
.s1-{(p1[a||p1])}?-&gt;:s2=&gt;1
.s1-{p2}...&gt; but was:&lt;.s0-A-&gt;.s1
.s1-{(p1[||p1a])}?-&gt;:s2=&gt;1
.s1-{p2}...&gt;">org.junit.ComparisonFailure: expected:&lt;.s0-A-&gt;.s1
.s1-{(p1[a||p1])}?-&gt;:s2=&gt;1
.s1-{p2}...&gt; but was:&lt;.s0-A-&gt;.s1
.s1-{(p1[||p1a])}?-&gt;:s2=&gt;1
.s1-{p2}...&gt;
	at org.junit.Assert.assertEquals(Assert.java:123)
	at org.junit.Assert.assertEquals(Assert.java:145)
	at org.antlr.test.BaseTest.assertEquals(BaseTest.java:873)
	at org.antlr.test.TestSemanticPredicates.checkDecision(TestSemanticPredicates.java:900)
	at org.antlr.test.TestSemanticPredicates.testOrPredicates(TestSemanticPredicates.java:139)
	at sun.reflect.NativeMethodAccessorImpl.invoke0(Native Method)
	at sun.reflect.NativeMethodAccessorImpl.invoke(NativeMethodAccessorImpl.java:39)
	at sun.reflect.DelegatingMethodAccessorImpl.invoke(DelegatingMethodAccessorImpl.java:25)
	at java.lang.reflect.Method.invoke(Method.java:585)
	at org.junit.runners.model.FrameworkMethod$1.runReflectiveCall(FrameworkMethod.java:44)
	at org.junit.internal.runners.model.ReflectiveCallable.run(ReflectiveCallable.java:15)
	at org.junit.runners.model.FrameworkMethod.invokeExplosively(FrameworkMethod.java:41)
	at org.junit.internal.runners.statements.InvokeMethod.evaluate(InvokeMethod.java:20)
	at org.junit.internal.runners.statements.RunBefores.evaluate(RunBefores.java:28)
	at org.junit.internal.runners.statements.RunAfters.evaluate(RunAfters.java:31)
	at org.junit.runners.BlockJUnit4ClassRunner.runChild(BlockJUnit4ClassRunner.java:73)
	at org.junit.runners.BlockJUnit4ClassRunner.runChild(BlockJUnit4ClassRunner.java:46)
	at org.junit.runners.ParentRunner.runChildren(ParentRunner.java:180)
	at org.junit.runners.ParentRunner.access$000(ParentRunner.java:41)
	at org.junit.runners.ParentRunner$1.evaluate(ParentRunner.java:173)
	at org.junit.internal.runners.statements.RunBefores.evaluate(RunBefores.java:28)
	at org.junit.internal.runners.statements.RunAfters.evaluate(RunAfters.java:31)
	at org.junit.runners.ParentRunner.run(ParentRunner.java:220)
	at org.apache.maven.surefire.junit4.JUnit4TestSet.execute(JUnit4TestSet.java:62)
	at org.apache.maven.surefire.suite.AbstractDirectoryTestSuite.executeTestSet(AbstractDirectoryTestSuite.java:140)
	at org.apache.maven.surefire.suite.AbstractDirectoryTestSuite.execute(AbstractDirectoryTestSuite.java:127)
	at org.apache.maven.surefire.Surefire.run(Surefire.java:177)
	at sun.reflect.NativeMethodAccessorImpl.invoke0(Native Method)
	at sun.reflect.NativeMethodAccessorImpl.invoke(NativeMethodAccessorImpl.java:39)
	at sun.reflect.DelegatingMethodAccessorImpl.invoke(DelegatingMethodAccessorImpl.java:25)
	at java.lang.reflect.Method.invoke(Method.java:585)
	at org.apache.maven.surefire.booter.SurefireBooter.runSuitesInProcess(SurefireBooter.java:338)
	at org.apache.maven.surefire.booter.SurefireBooter.main(SurefireBooter.java:997)
</failure>
  </testcase>
  <testcase classname="org.antlr.test.TestSemanticPredicates" time="0.001" name="testIgnoresHoistingDepthGreaterThanZero"/>
  <testcase classname="org.antlr.test.TestSemanticPredicates" time="0.003" name="testIgnoresPredsHiddenByActions"/>
  <testcase classname="org.antlr.test.TestSemanticPredicates" time="0.001" name="testIgnoresPredsHiddenByActionsOneAlt"/>
  <testcase classname="org.antlr.test.TestSemanticPredicates" time="0.002" name="testHoist2"/>
  <testcase classname="org.antlr.test.TestSemanticPredicates" time="0.002" name="testHoistCorrectContext"/>
  <testcase classname="org.antlr.test.TestSemanticPredicates" time="0.001" name="testDefaultPredNakedAltIsLast"/>
  <testcase classname="org.antlr.test.TestSemanticPredicates" time="0.002" name="testDefaultPredNakedAltNotLast"/>
  <testcase classname="org.antlr.test.TestSemanticPredicates" time="0.001" name="testLeftRecursivePred"/>
  <testcase classname="org.antlr.test.TestSemanticPredicates" time="0.002" name="testIgnorePredFromLL2AltLastAltIsDefaultTrue"/>
  <testcase classname="org.antlr.test.TestSemanticPredicates" time="0.002" name="testIgnorePredFromLL2AltPredUnionNeeded"/>
  <testcase classname="org.antlr.test.TestSemanticPredicates" time="0.001" name="testPredGets2SymbolSyntacticContext"/>
  <testcase classname="org.antlr.test.TestSemanticPredicates" time="0.002" name="testMatchesLongestThenTestPred"/>
  <testcase classname="org.antlr.test.TestSemanticPredicates" time="0.002" name="testPredsUsedAfterRecursionOverflow"/>
  <testcase classname="org.antlr.test.TestSemanticPredicates" time="0.003" name="testPredsUsedAfterK2FailsNoRecursionOverflow"/>
  <testcase classname="org.antlr.test.TestSemanticPredicates" time="0.003" name="testLexerMatchesLongestThenTestPred"/>
  <testcase classname="org.antlr.test.TestSemanticPredicates" time="0.002" name="testLexerMatchesLongestMinusPred"/>
  <testcase classname="org.antlr.test.TestSemanticPredicates" time="0.002" name="testGatedPredHoistsAndCanBeInStopState"/>
  <testcase classname="org.antlr.test.TestSemanticPredicates" time="0.003" name="testGatedPredInCyclicDFA">
    <failure type="org.junit.ComparisonFailure" message="expected:&lt;.s0-&apos;a&apos;&amp;&amp;{([q||p)}?-&gt;.s1
.s0-&apos;b&apos;&amp;&amp;{q}?-&gt;:s5=&gt;2
.s1-&apos;a&apos;&amp;&amp;{(q||p)}?-&gt;.s1
.s1-&apos;b&apos;&amp;&amp;{q}?-&gt;:s5=&gt;2
.s1-&apos;x&apos;&amp;&amp;{(q||p)}?-&gt;.s2
.s2-&lt;EOT&gt;&amp;&amp;{(q||p])}?-&gt;.s3
.s3-{p}?-&gt;:...&gt; but was:&lt;.s0-&apos;a&apos;&amp;&amp;{([p||q)}?-&gt;.s1
.s0-&apos;b&apos;&amp;&amp;{q}?-&gt;:s5=&gt;2
.s1-&apos;a&apos;&amp;&amp;{(p||q)}?-&gt;.s1
.s1-&apos;b&apos;&amp;&amp;{q}?-&gt;:s5=&gt;2
.s1-&apos;x&apos;&amp;&amp;{(p||q)}?-&gt;.s2
.s2-&lt;EOT&gt;&amp;&amp;{(p||q])}?-&gt;.s3
.s3-{p}?-&gt;:...&gt;">org.junit.ComparisonFailure: expected:&lt;.s0-&apos;a&apos;&amp;&amp;{([q||p)}?-&gt;.s1
.s0-&apos;b&apos;&amp;&amp;{q}?-&gt;:s5=&gt;2
.s1-&apos;a&apos;&amp;&amp;{(q||p)}?-&gt;.s1
.s1-&apos;b&apos;&amp;&amp;{q}?-&gt;:s5=&gt;2
.s1-&apos;x&apos;&amp;&amp;{(q||p)}?-&gt;.s2
.s2-&lt;EOT&gt;&amp;&amp;{(q||p])}?-&gt;.s3
.s3-{p}?-&gt;:...&gt; but was:&lt;.s0-&apos;a&apos;&amp;&amp;{([p||q)}?-&gt;.s1
.s0-&apos;b&apos;&amp;&amp;{q}?-&gt;:s5=&gt;2
.s1-&apos;a&apos;&amp;&amp;{(p||q)}?-&gt;.s1
.s1-&apos;b&apos;&amp;&amp;{q}?-&gt;:s5=&gt;2
.s1-&apos;x&apos;&amp;&amp;{(p||q)}?-&gt;.s2
.s2-&lt;EOT&gt;&amp;&amp;{(p||q])}?-&gt;.s3
.s3-{p}?-&gt;:...&gt;
	at org.junit.Assert.assertEquals(Assert.java:123)
	at org.junit.Assert.assertEquals(Assert.java:145)
	at org.antlr.test.BaseTest.assertEquals(BaseTest.java:873)
	at org.antlr.test.TestSemanticPredicates.checkDecision(TestSemanticPredicates.java:900)
	at org.antlr.test.TestSemanticPredicates.testGatedPredInCyclicDFA(TestSemanticPredicates.java:485)
	at sun.reflect.NativeMethodAccessorImpl.invoke0(Native Method)
	at sun.reflect.NativeMethodAccessorImpl.invoke(NativeMethodAccessorImpl.java:39)
	at sun.reflect.DelegatingMethodAccessorImpl.invoke(DelegatingMethodAccessorImpl.java:25)
	at java.lang.reflect.Method.invoke(Method.java:585)
	at org.junit.runners.model.FrameworkMethod$1.runReflectiveCall(FrameworkMethod.java:44)
	at org.junit.internal.runners.model.ReflectiveCallable.run(ReflectiveCallable.java:15)
	at org.junit.runners.model.FrameworkMethod.invokeExplosively(FrameworkMethod.java:41)
	at org.junit.internal.runners.statements.InvokeMethod.evaluate(InvokeMethod.java:20)
	at org.junit.internal.runners.statements.RunBefores.evaluate(RunBefores.java:28)
	at org.junit.internal.runners.statements.RunAfters.evaluate(RunAfters.java:31)
	at org.junit.runners.BlockJUnit4ClassRunner.runChild(BlockJUnit4ClassRunner.java:73)
	at org.junit.runners.BlockJUnit4ClassRunner.runChild(BlockJUnit4ClassRunner.java:46)
	at org.junit.runners.ParentRunner.runChildren(ParentRunner.java:180)
	at org.junit.runners.ParentRunner.access$000(ParentRunner.java:41)
	at org.junit.runners.ParentRunner$1.evaluate(ParentRunner.java:173)
	at org.junit.internal.runners.statements.RunBefores.evaluate(RunBefores.java:28)
	at org.junit.internal.runners.statements.RunAfters.evaluate(RunAfters.java:31)
	at org.junit.runners.ParentRunner.run(ParentRunner.java:220)
	at org.apache.maven.surefire.junit4.JUnit4TestSet.execute(JUnit4TestSet.java:62)
	at org.apache.maven.surefire.suite.AbstractDirectoryTestSuite.executeTestSet(AbstractDirectoryTestSuite.java:140)
	at org.apache.maven.surefire.suite.AbstractDirectoryTestSuite.execute(AbstractDirectoryTestSuite.java:127)
	at org.apache.maven.surefire.Surefire.run(Surefire.java:177)
	at sun.reflect.NativeMethodAccessorImpl.invoke0(Native Method)
	at sun.reflect.NativeMethodAccessorImpl.invoke(NativeMethodAccessorImpl.java:39)
	at sun.reflect.DelegatingMethodAccessorImpl.invoke(DelegatingMethodAccessorImpl.java:25)
	at java.lang.reflect.Method.invoke(Method.java:585)
	at org.apache.maven.surefire.booter.SurefireBooter.runSuitesInProcess(SurefireBooter.java:338)
	at org.apache.maven.surefire.booter.SurefireBooter.main(SurefireBooter.java:997)
</failure>
  </testcase>
  <testcase classname="org.antlr.test.TestSemanticPredicates" time="0.002" name="testGatedPredNotActuallyUsedOnEdges"/>
  <testcase classname="org.antlr.test.TestSemanticPredicates" time="0.002" name="testGatedPredDoesNotForceAllToBeGated"/>
  <testcase classname="org.antlr.test.TestSemanticPredicates" time="0.003" name="testGatedPredDoesNotForceAllToBeGated2"/>
  <testcase classname="org.antlr.test.TestSemanticPredicates" time="0.004" name="testORGatedPred"/>
  <testcase classname="org.antlr.test.TestSemanticPredicates" time="0.002" name="testIncompleteSemanticHoistedContext"/>
  <testcase classname="org.antlr.test.TestSemanticPredicates" time="0.002" name="testIncompleteSemanticHoistedContextk2"/>
  <testcase classname="org.antlr.test.TestSemanticPredicates" time="0.002" name="testIncompleteSemanticHoistedContextInFOLLOW"/>
  <testcase classname="org.antlr.test.TestSemanticPredicates" time="0.002" name="testIncompleteSemanticHoistedContextInFOLLOWk2"/>
  <testcase classname="org.antlr.test.TestSemanticPredicates" time="0.002" name="testIncompleteSemanticHoistedContextInFOLLOWDueToHiddenPred"/>
  <testcase classname="org.antlr.test.TestSemanticPredicates" time="0.002" name="testIncompleteSemanticHoistedContext2"/>
  <testcase classname="org.antlr.test.TestSemanticPredicates" time="0.001" name="testTooFewSemanticPredicates"/>
  <testcase classname="org.antlr.test.TestSemanticPredicates" time="0.001" name="testPredWithK1"/>
  <testcase classname="org.antlr.test.TestSemanticPredicates" time="0.003" name="testPredWithArbitraryLookahead"/>
  <testcase classname="org.antlr.test.TestSemanticPredicates" time="0.002" name="testUniquePredicateOR">
    <failure type="org.junit.ComparisonFailure" message="expected:&lt;.s0-X-&gt;.s1
.s1-{(([a&amp;&amp;c)||(b]&amp;&amp;c))}?-&gt;:s2=&gt;1
.s1-...&gt; but was:&lt;.s0-X-&gt;.s1
.s1-{(([b&amp;&amp;c)||(a]&amp;&amp;c))}?-&gt;:s2=&gt;1
.s1-...&gt;">org.junit.ComparisonFailure: expected:&lt;.s0-X-&gt;.s1
.s1-{(([a&amp;&amp;c)||(b]&amp;&amp;c))}?-&gt;:s2=&gt;1
.s1-...&gt; but was:&lt;.s0-X-&gt;.s1
.s1-{(([b&amp;&amp;c)||(a]&amp;&amp;c))}?-&gt;:s2=&gt;1
.s1-...&gt;
	at org.junit.Assert.assertEquals(Assert.java:123)
	at org.junit.Assert.assertEquals(Assert.java:145)
	at org.antlr.test.BaseTest.assertEquals(BaseTest.java:873)
	at org.antlr.test.TestSemanticPredicates.checkDecision(TestSemanticPredicates.java:900)
	at org.antlr.test.TestSemanticPredicates.testUniquePredicateOR(TestSemanticPredicates.java:744)
	at sun.reflect.NativeMethodAccessorImpl.invoke0(Native Method)
	at sun.reflect.NativeMethodAccessorImpl.invoke(NativeMethodAccessorImpl.java:39)
	at sun.reflect.DelegatingMethodAccessorImpl.invoke(DelegatingMethodAccessorImpl.java:25)
	at java.lang.reflect.Method.invoke(Method.java:585)
	at org.junit.runners.model.FrameworkMethod$1.runReflectiveCall(FrameworkMethod.java:44)
	at org.junit.internal.runners.model.ReflectiveCallable.run(ReflectiveCallable.java:15)
	at org.junit.runners.model.FrameworkMethod.invokeExplosively(FrameworkMethod.java:41)
	at org.junit.internal.runners.statements.InvokeMethod.evaluate(InvokeMethod.java:20)
	at org.junit.internal.runners.statements.RunBefores.evaluate(RunBefores.java:28)
	at org.junit.internal.runners.statements.RunAfters.evaluate(RunAfters.java:31)
	at org.junit.runners.BlockJUnit4ClassRunner.runChild(BlockJUnit4ClassRunner.java:73)
	at org.junit.runners.BlockJUnit4ClassRunner.runChild(BlockJUnit4ClassRunner.java:46)
	at org.junit.runners.ParentRunner.runChildren(ParentRunner.java:180)
	at org.junit.runners.ParentRunner.access$000(ParentRunner.java:41)
	at org.junit.runners.ParentRunner$1.evaluate(ParentRunner.java:173)
	at org.junit.internal.runners.statements.RunBefores.evaluate(RunBefores.java:28)
	at org.junit.internal.runners.statements.RunAfters.evaluate(RunAfters.java:31)
	at org.junit.runners.ParentRunner.run(ParentRunner.java:220)
	at org.apache.maven.surefire.junit4.JUnit4TestSet.execute(JUnit4TestSet.java:62)
	at org.apache.maven.surefire.suite.AbstractDirectoryTestSuite.executeTestSet(AbstractDirectoryTestSuite.java:140)
	at org.apache.maven.surefire.suite.AbstractDirectoryTestSuite.execute(AbstractDirectoryTestSuite.java:127)
	at org.apache.maven.surefire.Surefire.run(Surefire.java:177)
	at sun.reflect.NativeMethodAccessorImpl.invoke0(Native Method)
	at sun.reflect.NativeMethodAccessorImpl.invoke(NativeMethodAccessorImpl.java:39)
	at sun.reflect.DelegatingMethodAccessorImpl.invoke(DelegatingMethodAccessorImpl.java:25)
	at java.lang.reflect.Method.invoke(Method.java:585)
	at org.apache.maven.surefire.booter.SurefireBooter.runSuitesInProcess(SurefireBooter.java:338)
	at org.apache.maven.surefire.booter.SurefireBooter.main(SurefireBooter.java:997)
</failure>
  </testcase>
  <testcase classname="org.antlr.test.TestSemanticPredicates" time="0.003" name="testSemanticContextPreventsEarlyTerminationOfClosure">
    <failure type="org.junit.ComparisonFailure" message="expected:&lt;....s1-SEMI-&gt;.s2
.s2-{([for||do||while])}?-&gt;:s3=&gt;1
.s2-{tru...&gt; but was:&lt;....s1-SEMI-&gt;.s2
.s2-{([do||while||for])}?-&gt;:s3=&gt;1
.s2-{tru...&gt;">org.junit.ComparisonFailure: expected:&lt;....s1-SEMI-&gt;.s2
.s2-{([for||do||while])}?-&gt;:s3=&gt;1
.s2-{tru...&gt; but was:&lt;....s1-SEMI-&gt;.s2
.s2-{([do||while||for])}?-&gt;:s3=&gt;1
.s2-{tru...&gt;
	at org.junit.Assert.assertEquals(Assert.java:123)
	at org.junit.Assert.assertEquals(Assert.java:145)
	at org.antlr.test.BaseTest.assertEquals(BaseTest.java:873)
	at org.antlr.test.TestSemanticPredicates.checkDecision(TestSemanticPredicates.java:900)
	at org.antlr.test.TestSemanticPredicates.testSemanticContextPreventsEarlyTerminationOfClosure(TestSemanticPredicates.java:765)
	at sun.reflect.NativeMethodAccessorImpl.invoke0(Native Method)
	at sun.reflect.NativeMethodAccessorImpl.invoke(NativeMethodAccessorImpl.java:39)
	at sun.reflect.DelegatingMethodAccessorImpl.invoke(DelegatingMethodAccessorImpl.java:25)
	at java.lang.reflect.Method.invoke(Method.java:585)
	at org.junit.runners.model.FrameworkMethod$1.runReflectiveCall(FrameworkMethod.java:44)
	at org.junit.internal.runners.model.ReflectiveCallable.run(ReflectiveCallable.java:15)
	at org.junit.runners.model.FrameworkMethod.invokeExplosively(FrameworkMethod.java:41)
	at org.junit.internal.runners.statements.InvokeMethod.evaluate(InvokeMethod.java:20)
	at org.junit.internal.runners.statements.RunBefores.evaluate(RunBefores.java:28)
	at org.junit.internal.runners.statements.RunAfters.evaluate(RunAfters.java:31)
	at org.junit.runners.BlockJUnit4ClassRunner.runChild(BlockJUnit4ClassRunner.java:73)
	at org.junit.runners.BlockJUnit4ClassRunner.runChild(BlockJUnit4ClassRunner.java:46)
	at org.junit.runners.ParentRunner.runChildren(ParentRunner.java:180)
	at org.junit.runners.ParentRunner.access$000(ParentRunner.java:41)
	at org.junit.runners.ParentRunner$1.evaluate(ParentRunner.java:173)
	at org.junit.internal.runners.statements.RunBefores.evaluate(RunBefores.java:28)
	at org.junit.internal.runners.statements.RunAfters.evaluate(RunAfters.java:31)
	at org.junit.runners.ParentRunner.run(ParentRunner.java:220)
	at org.apache.maven.surefire.junit4.JUnit4TestSet.execute(JUnit4TestSet.java:62)
	at org.apache.maven.surefire.suite.AbstractDirectoryTestSuite.executeTestSet(AbstractDirectoryTestSuite.java:140)
	at org.apache.maven.surefire.suite.AbstractDirectoryTestSuite.execute(AbstractDirectoryTestSuite.java:127)
	at org.apache.maven.surefire.Surefire.run(Surefire.java:177)
	at sun.reflect.NativeMethodAccessorImpl.invoke0(Native Method)
	at sun.reflect.NativeMethodAccessorImpl.invoke(NativeMethodAccessorImpl.java:39)
	at sun.reflect.DelegatingMethodAccessorImpl.invoke(DelegatingMethodAccessorImpl.java:25)
	at java.lang.reflect.Method.invoke(Method.java:585)
	at org.apache.maven.surefire.booter.SurefireBooter.runSuitesInProcess(SurefireBooter.java:338)
	at org.apache.maven.surefire.booter.SurefireBooter.main(SurefireBooter.java:997)
</failure>
  </testcase>
</testsuite>