<?xml version="1.0" encoding="UTF-8" ?>
<testsuite errors="0" skipped="0" tests="118" time="10.487" failures="2" name="org.antlr.test.TestAttributes">
  <properties>
    <property value="Apple Inc." name="java.vendor"/>
    <property value="/Users/parrt/.m2/repository" name="localRepository"/>
    <property value="SUN_STANDARD" name="sun.java.launcher"/>
    <property value="HotSpot Client Compiler" name="sun.management.compiler"/>
    <property value="69ef00" name="env.SECURITYSESSIONID"/>
    <property value="true" name="env.DYLD_NO_FIX_PREBINDING"/>
    <property value="Mac OS X" name="os.name"/>
    <property value="/System/Library/Frameworks/JavaVM.framework/Versions/1.5.0/Classes/classes.jar:/System/Library/Frameworks/JavaVM.framework/Versions/1.5.0/Classes/ui.jar:/System/Library/Frameworks/JavaVM.framework/Versions/1.5.0/Classes/laf.jar:/System/Library/Frameworks/JavaVM.framework/Versions/1.5.0/Classes/sunrsasign.jar:/System/Library/Frameworks/JavaVM.framework/Versions/1.5.0/Classes/jsse.jar:/System/Library/Frameworks/JavaVM.framework/Versions/1.5.0/Classes/jce.jar:/System/Library/Frameworks/JavaVM.framework/Versions/1.5.0/Classes/charsets.jar" name="sun.boot.class.path"/>
    <property value="/var/folders/GB/GBAjm2lZ2RWWFk+8ZMYFYU+++TM/-Tmp-/" name="env.TMPDIR"/>
    <property value="/Users/parrt/antlr/code/antlr/release-3.1.2" name="env.PWD"/>
    <property value="en_US.UTF-8" name="env.LANG"/>
    <property value="Sun Microsystems Inc." name="java.vm.specification.vendor"/>
    <property value="1.5.0_16-b06-284" name="java.runtime.version"/>
    <property value="/tmp/launch-Haknqx/Render" name="env.Apple_PubSub_Socket_Render"/>
    <property value="/tmp/launch-aGC1Fw/:0" name="env.DISPLAY"/>
    <property value="parrt" name="user.name"/>
    <property value="parrt" name="env.USER"/>
    <property value="org.codehaus.classworlds.Launcher" name="env.JAVA_MAIN_CLASS_74888"/>
    <property value="/bin/bash" name="env.SHELL"/>
    <property value="0x1F6:0:0" name="env.__CF_USER_TEXT_ENCODING"/>
    <property value="true" name="awt.nativeDoubleBuffering"/>
    <property value="/usr/local/bin:/usr/local/teTeX/bin/i386-apple-darwin-current:/opt/local/bin:/usr/local/bin:/usr/local/teTeX/bin/i386-apple-darwin-current:/opt/local/bin:/usr/local/bin:/usr/local/teTeX/bin/i386-apple-darwin-current:/opt/local/bin:/usr/local/bin:/usr/local/teTeX/bin/i386-apple-darwin-current:/opt/local/bin:/usr/local/bin:/usr/local/teTeX/bin/i386-apple-darwin-current:/opt/local/bin:/usr/local/bin:/usr/local/teTeX/bin/i386-apple-darwin-current:/opt/local/bin:/usr/bin:/bin:/usr/sbin:/sbin:/usr/local/bin:/usr/X11/bin:/usr/texbin:/usr/local/bin" name="env.PATH"/>
    <property value="en" name="user.language"/>
    <property value="/System/Library/Frameworks/JavaVM.framework/Versions/1.5.0/Libraries" name="sun.boot.library.path"/>
    <property value="/opt/local/share/java/maven2/bin/m2.conf" name="classworlds.conf"/>
    <property value="1.5.0_16" name="java.version"/>
    <property value="America/Los_Angeles" name="user.timezone"/>
    <property value="32" name="sun.arch.data.model"/>
    <property value="local|*.local|169.254/16|*.169.254/16" name="http.nonProxyHosts"/>
    <property value="/System/Library/Frameworks/JavaVM.framework/Versions/1.5.0/Home/lib/endorsed" name="java.endorsed.dirs"/>
    <property value="" name="sun.cpu.isalist"/>
    <property value="MacRoman" name="sun.jnu.encoding"/>
    <property value="sun.io" name="file.encoding.pkg"/>
    <property value="1" name="env.SHLVL"/>
    <property value="/" name="file.separator"/>
    <property value="Java Platform API Specification" name="java.specification.name"/>
    <property value="49.0" name="java.class.version"/>
    <property value="US" name="user.country"/>
    <property value="/System/Library/Frameworks/JavaVM.framework/Versions/1.5.0/Home" name="java.home"/>
    <property value="mixed mode, sharing" name="java.vm.info"/>
    <property value="parrt" name="env.LOGNAME"/>
    <property value="10.5.6" name="os.version"/>
    <property value="240" name="env.TERM_PROGRAM_VERSION"/>
    <property value=":" name="path.separator"/>
    <property value="1.5.0_16-133" name="java.vm.version"/>
    <property value="apple.awt.CPrinterJob" name="java.awt.printerjob"/>
    <property value="xterm-color" name="env.TERM"/>
    <property value="UnicodeLittle" name="sun.io.unicode.encoding"/>
    <property value="apple.awt.CToolkit" name="awt.toolkit"/>
    <property value="local|*.local|169.254/16|*.169.254/16" name="socksNonProxyHosts"/>
    <property value="local|*.local|169.254/16|*.169.254/16" name="ftp.nonProxyHosts"/>
    <property value="/sw/share/man:/usr/local/man:/usr/share/man:/usr/X11R6/man:/Library/Frameworks/Mono.framework/Versions/Current/man" name="env.MANPATH"/>
    <property value="/Users/parrt" name="user.home"/>
    <property value="/Users/parrt/antlr/code/antlr/release-3.1.2" name="env.OLDPWD"/>
    <property value="Sun Microsystems Inc." name="java.specification.vendor"/>
    <property value=".:/usr/local/lib/javax.servlet.jar:/System/Library/Frameworks/JavaVM.framework/Versions/CurrentJDK/Classes/classes.jar:/System/Library/Frameworks/JavaVM.framework/Versions/CurrentJDK/Classes/ui.jar:/Users/parrt/research/projects/Util/main:/Users/parrt/research/projects/TML/main:/Users/parrt/research/lime/main/src:/usr/local/site/lime/lib/jars/commons-fileupload-1.0-rc1.jar:/Users/parrt/antlr/code/org.antlr/main/main:/Users/parrt/antlr/code/usf/jprof:/usr/local/lib/junit.jar:/Users/parrt/USF/depot/flashmob/main/src:/Users/parrt/research/stsite/main/src:/Users/parrt/antlr/code/antlr/main/build:/Users/parrt/antlr/code/antlr/main/src/main/resources:/Users/parrt/antlr/code/antlr/main/runtime/Java/src:/Users/parrt/antlr/code/stringtemplate/java/main/src/:/usr/local/lib/CafeBabe.jar:/usr/local/lib/jasmin.jar:/usr/local/site/lime/lib/jars/pageforge-1.0.4.jar:/usr/local/lib/clover.jar:/Users/parrt/USF/advising/reports/code:/Users/parrt/antlr/code/antlrworks/main/lib/jgoodies.jar:/Users/parrt/antlr/code/mantra/main/runtime/src:/Users/parrt/antlr/code/mantra/main/src:/usr/local/lib/jetty-6.1.6rc0.jar:/usr/local/lib/jetty-util-6.1.6rc0.jar:/usr/local/lib/servlet-api-2.5-6.1.6rc0.jar:/usr/local/lib/jetty-6.1.6rc0.jar:/usr/local/lib/jetty-util-6.1.6rc0.jar:/usr/local/lib/servlet-api-2.5-6.1.6rc0.jar:/usr/local/lib/jburg.jar:/usr/local/lib/resin.jar:/usr/local/lib/gunit-1.0.2.jar:/Users/parrt/antlr/code/antlrworks/main/src:/Users/parrt/antlr/code/morph/main/src" name="env.CLASSPATH"/>
    <property value="Apple_Terminal" name="env.TERM_PROGRAM"/>
    <property value=".:/Library/Java/Extensions:/System/Library/Java/Extensions:/usr/lib/java" name="java.library.path"/>
    <property value="http://www.apple.com/" name="java.vendor.url"/>
    <property value="vi" name="env.SVN_EDITOR"/>
    <property value="Apple Inc." name="java.vm.vendor"/>
    <property value="false" name="gopherProxySet"/>
    <property value="/opt/local/share/java/maven2" name="maven.home"/>
    <property value="Java(TM) 2 Runtime Environment, Standard Edition" name="java.runtime.name"/>
    <property value="/opt/local/share/java/maven2/boot/classworlds-1.1.jar" name="java.class.path"/>
    <property value="Java Virtual Machine Specification" name="java.vm.specification.name"/>
    <property value="1.0" name="java.vm.specification.version"/>
    <property value="little" name="sun.cpu.endian"/>
    <property value="unknown" name="sun.os.patch.level"/>
    <property value="/Users/parrt" name="env.HOME"/>
    <property value="/Users/parrt/antlr/code/antlr/release-3.1.2/target/test-classes:/Users/parrt/antlr/code/antlr/release-3.1.2/target/classes:/Users/parrt/.m2/repository/junit/junit/4.5/junit-4.5.jar:/Users/parrt/.m2/repository/antlr/antlr/2.7.7/antlr-2.7.7.jar:/Users/parrt/.m2/repository/org/antlr/stringtemplate/3.2/stringtemplate-3.2.jar:/Users/parrt/.m2/repository/org/antlr/antlr-runtime/3.1.2/antlr-runtime-3.1.2.jar:/Users/parrt/.m2/repository/org/antlr/gunit/1.0.5/gunit-1.0.5.jar:" name="surefire.test.class.path"/>
    <property value="/tmp" name="java.io.tmpdir"/>
    <property value="http://bugreport.apple.com/" name="java.vendor.url.bug"/>
    <property value="/Users/parrt/vw7.6nc" name="env.VISUALWORKS"/>
    <property value="/tmp/launch-TDMtQd/Listeners" name="env.SSH_AUTH_SOCK"/>
    <property value="unix2003" name="env.COMMAND_MODE"/>
    <property value="apple.awt.CGraphicsEnvironment" name="java.awt.graphicsenv"/>
    <property value="i386" name="os.arch"/>
    <property value="/Library/Java/Extensions:/System/Library/Java/Extensions:/System/Library/Frameworks/JavaVM.framework/Versions/1.5.0/Home/lib/ext" name="java.ext.dirs"/>
    <property value="/Users/parrt/antlr/code/antlr/release-3.1.2" name="user.dir"/>
    <property value="1050.1.5.0_16-284" name="mrj.version"/>
    <property value="
" name="line.separator"/>
    <property value="Java HotSpot(TM) Client VM" name="java.vm.name"/>
    <property value=".p4" name="env.P4CONFIG"/>
    <property value="/Users/parrt/antlr/code/antlr/release-3.1.2" name="basedir"/>
    <property value="MacRoman" name="file.encoding"/>
    <property value="1.5" name="java.specification.version"/>
  </properties>
  <testcase classname="org.antlr.test.TestAttributes" time="0" name="testEscapedLessThanInAction"/>
  <testcase classname="org.antlr.test.TestAttributes" time="0.052" name="testEscaped$InAction"/>
  <testcase classname="org.antlr.test.TestAttributes" time="0.076" name="testArguments"/>
  <testcase classname="org.antlr.test.TestAttributes" time="0.057" name="testComplicatedArgParsing"/>
  <testcase classname="org.antlr.test.TestAttributes" time="0.056" name="testBracketArgParsing"/>
  <testcase classname="org.antlr.test.TestAttributes" time="0.054" name="testStringArgParsing"/>
  <testcase classname="org.antlr.test.TestAttributes" time="0.059" name="testComplicatedSingleArgParsing"/>
  <testcase classname="org.antlr.test.TestAttributes" time="0.097" name="testArgWithLT"/>
  <testcase classname="org.antlr.test.TestAttributes" time="0.052" name="testGenericsAsArgumentDefinition"/>
  <testcase classname="org.antlr.test.TestAttributes" time="0.052" name="testGenericsAsArgumentDefinition2"/>
  <testcase classname="org.antlr.test.TestAttributes" time="0.001" name="testGenericsAsReturnValue"/>
  <testcase classname="org.antlr.test.TestAttributes" time="0.052" name="testComplicatedArgParsingWithTranslation"/>
  <testcase classname="org.antlr.test.TestAttributes" time="0.051" name="testRefToReturnValueBeforeRefToPredefinedAttr"/>
  <testcase classname="org.antlr.test.TestAttributes" time="0.076" name="testRuleLabelBeforeRefToPredefinedAttr"/>
  <testcase classname="org.antlr.test.TestAttributes" time="0.002" name="testInvalidArguments"/>
  <testcase classname="org.antlr.test.TestAttributes" time="0.051" name="testReturnValue"/>
  <testcase classname="org.antlr.test.TestAttributes" time="0.054" name="testReturnValueWithNumber"/>
  <testcase classname="org.antlr.test.TestAttributes" time="0.059" name="testReturnValues"/>
  <testcase classname="org.antlr.test.TestAttributes" time="0.064" name="testReturnWithMultipleRuleRefs"/>
  <testcase classname="org.antlr.test.TestAttributes" time="0.012" name="testInvalidReturnValues"/>
  <testcase classname="org.antlr.test.TestAttributes" time="0.085" name="testTokenLabels"/>
  <testcase classname="org.antlr.test.TestAttributes" time="0.06" name="testRuleLabels"/>
  <testcase classname="org.antlr.test.TestAttributes" time="0.059" name="testAmbiguRuleRef"/>
  <testcase classname="org.antlr.test.TestAttributes" time="0.063" name="testRuleLabelsWithSpecialToken"/>
  <testcase classname="org.antlr.test.TestAttributes" time="0.054" name="testForwardRefRuleLabels"/>
  <testcase classname="org.antlr.test.TestAttributes" time="0.002" name="testInvalidRuleLabelAccessesParameter"/>
  <testcase classname="org.antlr.test.TestAttributes" time="0.001" name="testInvalidRuleLabelAccessesScopeAttribute"/>
  <testcase classname="org.antlr.test.TestAttributes" time="0.002" name="testInvalidRuleAttribute"/>
  <testcase classname="org.antlr.test.TestAttributes" time="0.002" name="testMissingRuleAttribute"/>
  <testcase classname="org.antlr.test.TestAttributes" time="0.001" name="testMissingUnlabeledRuleAttribute"/>
  <testcase classname="org.antlr.test.TestAttributes" time="0.001" name="testNonDynamicAttributeOutsideRule"/>
  <testcase classname="org.antlr.test.TestAttributes" time="0.001" name="testNonDynamicAttributeOutsideRule2"/>
  <testcase classname="org.antlr.test.TestAttributes" time="0.062" name="testBasicGlobalScope"/>
  <testcase classname="org.antlr.test.TestAttributes" time="0.056" name="testUnknownGlobalScope"/>
  <testcase classname="org.antlr.test.TestAttributes" time="0.054" name="testIndexedGlobalScope"/>
  <testcase classname="org.antlr.test.TestAttributes" time="0.057" name="test0IndexedGlobalScope"/>
  <testcase classname="org.antlr.test.TestAttributes" time="0.059" name="testAbsoluteIndexedGlobalScope"/>
  <testcase classname="org.antlr.test.TestAttributes" time="0.085" name="testScopeAndAttributeWithUnderscore"/>
  <testcase classname="org.antlr.test.TestAttributes" time="0.06" name="testSharedGlobalScope"/>
  <testcase classname="org.antlr.test.TestAttributes" time="0.058" name="testGlobalScopeOutsideRule"/>
  <testcase classname="org.antlr.test.TestAttributes" time="0.07" name="testRuleScopeOutsideRule"/>
  <testcase classname="org.antlr.test.TestAttributes" time="0.052" name="testBasicRuleScope"/>
  <testcase classname="org.antlr.test.TestAttributes" time="0.079" name="testUnqualifiedRuleScopeAccessInsideRule"/>
  <testcase classname="org.antlr.test.TestAttributes" time="0.091" name="testIsolatedDynamicRuleScopeRef"/>
  <testcase classname="org.antlr.test.TestAttributes" time="0.06" name="testDynamicRuleScopeRefInSubrule"/>
  <testcase classname="org.antlr.test.TestAttributes" time="0.06" name="testIsolatedGlobalScopeRef"/>
  <testcase classname="org.antlr.test.TestAttributes" time="0.058" name="testRuleScopeFromAnotherRule"/>
  <testcase classname="org.antlr.test.TestAttributes" time="0.083" name="testFullyQualifiedRefToCurrentRuleParameter"/>
  <testcase classname="org.antlr.test.TestAttributes" time="0.052" name="testFullyQualifiedRefToCurrentRuleRetVal"/>
  <testcase classname="org.antlr.test.TestAttributes" time="0.053" name="testSetFullyQualifiedRefToCurrentRuleRetVal"/>
  <testcase classname="org.antlr.test.TestAttributes" time="0.053" name="testIsolatedRefToCurrentRule"/>
  <testcase classname="org.antlr.test.TestAttributes" time="0.05" name="testIsolatedRefToRule"/>
  <testcase classname="org.antlr.test.TestAttributes" time="0.083" name="testFullyQualifiedRefToTemplateAttributeInCurrentRule"/>
  <testcase classname="org.antlr.test.TestAttributes" time="0.052" name="testRuleRefWhenRuleHasScope"/>
  <testcase classname="org.antlr.test.TestAttributes" time="0.05" name="testDynamicScopeRefOkEvenThoughRuleRefExists"/>
  <testcase classname="org.antlr.test.TestAttributes" time="0.055" name="testRefToTemplateAttributeForCurrentRule"/>
  <testcase classname="org.antlr.test.TestAttributes" time="0.062" name="testRefToTextAttributeForCurrentRule"/>
  <testcase classname="org.antlr.test.TestAttributes" time="0.084" name="testRefToStartAttributeForCurrentRule"/>
  <testcase classname="org.antlr.test.TestAttributes" time="0.057" name="testTokenLabelFromMultipleAlts"/>
  <testcase classname="org.antlr.test.TestAttributes" time="0.059" name="testRuleLabelFromMultipleAlts"/>
  <testcase classname="org.antlr.test.TestAttributes" time="0.055" name="testUnknownDynamicAttribute"/>
  <testcase classname="org.antlr.test.TestAttributes" time="0.056" name="testUnknownGlobalDynamicAttribute"/>
  <testcase classname="org.antlr.test.TestAttributes" time="0.001" name="testUnqualifiedRuleScopeAttribute"/>
  <testcase classname="org.antlr.test.TestAttributes" time="0.001" name="testRuleAndTokenLabelTypeMismatch"/>
  <testcase classname="org.antlr.test.TestAttributes" time="0.001" name="testListAndTokenLabelTypeMismatch"/>
  <testcase classname="org.antlr.test.TestAttributes" time="0.001" name="testListAndRuleLabelTypeMismatch"/>
  <testcase classname="org.antlr.test.TestAttributes" time="0.001" name="testArgReturnValueMismatch"/>
  <testcase classname="org.antlr.test.TestAttributes" time="0.081" name="testSimplePlusEqualLabel"/>
  <testcase classname="org.antlr.test.TestAttributes" time="0.057" name="testPlusEqualStringLabel"/>
  <testcase classname="org.antlr.test.TestAttributes" time="0.057" name="testPlusEqualSetLabel"/>
  <testcase classname="org.antlr.test.TestAttributes" time="0.056" name="testPlusEqualWildcardLabel"/>
  <testcase classname="org.antlr.test.TestAttributes" time="0.057" name="testImplicitTokenLabel"/>
  <testcase classname="org.antlr.test.TestAttributes" time="0.086" name="testImplicitRuleLabel"/>
  <testcase classname="org.antlr.test.TestAttributes" time="0.062" name="testReuseExistingLabelWithImplicitRuleLabel"/>
  <testcase classname="org.antlr.test.TestAttributes" time="0.081" name="testReuseExistingListLabelWithImplicitRuleLabel"/>
  <testcase classname="org.antlr.test.TestAttributes" time="0.058" name="testReuseExistingLabelWithImplicitTokenLabel"/>
  <testcase classname="org.antlr.test.TestAttributes" time="0.084" name="testReuseExistingListLabelWithImplicitTokenLabel"/>
  <testcase classname="org.antlr.test.TestAttributes" time="0.063" name="testRuleLabelWithoutOutputOption"/>
  <testcase classname="org.antlr.test.TestAttributes" time="2.104" name="testRuleLabelOnTwoDifferentRulesAST">
    <failure type="org.junit.ComparisonFailure" message="expected:&lt;[[a, b]
a b
]&gt; but was:&lt;[]&gt;">org.junit.ComparisonFailure: expected:&lt;[[a, b]
a b
]&gt; but was:&lt;[]&gt;
	at org.junit.Assert.assertEquals(Assert.java:123)
	at org.junit.Assert.assertEquals(Assert.java:145)
	at org.antlr.test.BaseTest.assertEquals(BaseTest.java:873)
	at org.antlr.test.TestAttributes.testRuleLabelOnTwoDifferentRulesAST(TestAttributes.java:2395)
	at sun.reflect.NativeMethodAccessorImpl.invoke0(Native Method)
	at sun.reflect.NativeMethodAccessorImpl.invoke(NativeMethodAccessorImpl.java:39)
	at sun.reflect.DelegatingMethodAccessorImpl.invoke(DelegatingMethodAccessorImpl.java:25)
	at java.lang.reflect.Method.invoke(Method.java:585)
	at org.junit.runners.model.FrameworkMethod$1.runReflectiveCall(FrameworkMethod.java:44)
	at org.junit.internal.runners.model.ReflectiveCallable.run(ReflectiveCallable.java:15)
	at org.junit.runners.model.FrameworkMethod.invokeExplosively(FrameworkMethod.java:41)
	at org.junit.internal.runners.statements.InvokeMethod.evaluate(InvokeMethod.java:20)
	at org.junit.internal.runners.statements.RunBefores.evaluate(RunBefores.java:28)
	at org.junit.internal.runners.statements.RunAfters.evaluate(RunAfters.java:31)
	at org.junit.runners.BlockJUnit4ClassRunner.runChild(BlockJUnit4ClassRunner.java:73)
	at org.junit.runners.BlockJUnit4ClassRunner.runChild(BlockJUnit4ClassRunner.java:46)
	at org.junit.runners.ParentRunner.runChildren(ParentRunner.java:180)
	at org.junit.runners.ParentRunner.access$000(ParentRunner.java:41)
	at org.junit.runners.ParentRunner$1.evaluate(ParentRunner.java:173)
	at org.junit.internal.runners.statements.RunBefores.evaluate(RunBefores.java:28)
	at org.junit.internal.runners.statements.RunAfters.evaluate(RunAfters.java:31)
	at org.junit.runners.ParentRunner.run(ParentRunner.java:220)
	at org.apache.maven.surefire.junit4.JUnit4TestSet.execute(JUnit4TestSet.java:62)
	at org.apache.maven.surefire.suite.AbstractDirectoryTestSuite.executeTestSet(AbstractDirectoryTestSuite.java:140)
	at org.apache.maven.surefire.suite.AbstractDirectoryTestSuite.execute(AbstractDirectoryTestSuite.java:127)
	at org.apache.maven.surefire.Surefire.run(Surefire.java:177)
	at sun.reflect.NativeMethodAccessorImpl.invoke0(Native Method)
	at sun.reflect.NativeMethodAccessorImpl.invoke(NativeMethodAccessorImpl.java:39)
	at sun.reflect.DelegatingMethodAccessorImpl.invoke(DelegatingMethodAccessorImpl.java:25)
	at java.lang.reflect.Method.invoke(Method.java:585)
	at org.apache.maven.surefire.booter.SurefireBooter.runSuitesInProcess(SurefireBooter.java:338)
	at org.apache.maven.surefire.booter.SurefireBooter.main(SurefireBooter.java:997)
</failure>
    <system-err>compile stderr from: javac -d /tmp/antlr-org.antlr.test.TestAttributes-1235256935851 -classpath /tmp/antlr-org.antlr.test.TestAttributes-1235256935851:/opt/local/share/java/maven2/boot/classworlds-1.1.jar:/Users/parrt/antlr/code/antlr/release-3.1.2/target/test-classes:/Users/parrt/antlr/code/antlr/release-3.1.2/target/classes:/Users/parrt/.m2/repository/junit/junit/4.5/junit-4.5.jar:/Users/parrt/.m2/repository/antlr/antlr/2.7.7/antlr-2.7.7.jar:/Users/parrt/.m2/repository/org/antlr/stringtemplate/3.2/stringtemplate-3.2.jar:/Users/parrt/.m2/repository/org/antlr/antlr-runtime/3.1.2/antlr-runtime-3.1.2.jar:/Users/parrt/.m2/repository/org/antlr/gunit/1.0.5/gunit-1.0.5.jar: TParser.java
/tmp/antlr-org.antlr.test.TestAttributes-1235256935851/TParser.java:69: incompatible types
found   : TParser.a_return
required: TParser.b_return
            x=a();
               ^
Note: /tmp/antlr-org.antlr.test.TestAttributes-1235256935851/TParser.java uses unchecked or unsafe operations.
Note: Recompile with -Xlint:unchecked for details.
1 error

compile stderr from: javac -d /tmp/antlr-org.antlr.test.TestAttributes-1235256935851 -classpath /tmp/antlr-org.antlr.test.TestAttributes-1235256935851:/opt/local/share/java/maven2/boot/classworlds-1.1.jar:/Users/parrt/antlr/code/antlr/release-3.1.2/target/test-classes:/Users/parrt/antlr/code/antlr/release-3.1.2/target/classes:/Users/parrt/.m2/repository/junit/junit/4.5/junit-4.5.jar:/Users/parrt/.m2/repository/antlr/antlr/2.7.7/antlr-2.7.7.jar:/Users/parrt/.m2/repository/org/antlr/stringtemplate/3.2/stringtemplate-3.2.jar:/Users/parrt/.m2/repository/org/antlr/antlr-runtime/3.1.2/antlr-runtime-3.1.2.jar:/Users/parrt/.m2/repository/org/antlr/gunit/1.0.5/gunit-1.0.5.jar: Test.java
/tmp/antlr-org.antlr.test.TestAttributes-1235256935851/TParser.java:69: incompatible types
found   : TParser.a_return
required: TParser.b_return
            x=a();
               ^
Note: /tmp/antlr-org.antlr.test.TestAttributes-1235256935851/TParser.java uses unchecked or unsafe operations.
Note: Recompile with -Xlint:unchecked for details.
1 error

</system-err>
  </testcase>
  <testcase classname="org.antlr.test.TestAttributes" time="2.225" name="testRuleLabelOnTwoDifferentRulesTemplate">
    <failure type="org.junit.ComparisonFailure" message="expected:&lt;[[hi, mom]
]&gt; but was:&lt;[]&gt;">org.junit.ComparisonFailure: expected:&lt;[[hi, mom]
]&gt; but was:&lt;[]&gt;
	at org.junit.Assert.assertEquals(Assert.java:123)
	at org.junit.Assert.assertEquals(Assert.java:145)
	at org.antlr.test.BaseTest.assertEquals(BaseTest.java:873)
	at org.antlr.test.TestAttributes.testRuleLabelOnTwoDifferentRulesTemplate(TestAttributes.java:2409)
	at sun.reflect.NativeMethodAccessorImpl.invoke0(Native Method)
	at sun.reflect.NativeMethodAccessorImpl.invoke(NativeMethodAccessorImpl.java:39)
	at sun.reflect.DelegatingMethodAccessorImpl.invoke(DelegatingMethodAccessorImpl.java:25)
	at java.lang.reflect.Method.invoke(Method.java:585)
	at org.junit.runners.model.FrameworkMethod$1.runReflectiveCall(FrameworkMethod.java:44)
	at org.junit.internal.runners.model.ReflectiveCallable.run(ReflectiveCallable.java:15)
	at org.junit.runners.model.FrameworkMethod.invokeExplosively(FrameworkMethod.java:41)
	at org.junit.internal.runners.statements.InvokeMethod.evaluate(InvokeMethod.java:20)
	at org.junit.internal.runners.statements.RunBefores.evaluate(RunBefores.java:28)
	at org.junit.internal.runners.statements.RunAfters.evaluate(RunAfters.java:31)
	at org.junit.runners.BlockJUnit4ClassRunner.runChild(BlockJUnit4ClassRunner.java:73)
	at org.junit.runners.BlockJUnit4ClassRunner.runChild(BlockJUnit4ClassRunner.java:46)
	at org.junit.runners.ParentRunner.runChildren(ParentRunner.java:180)
	at org.junit.runners.ParentRunner.access$000(ParentRunner.java:41)
	at org.junit.runners.ParentRunner$1.evaluate(ParentRunner.java:173)
	at org.junit.internal.runners.statements.RunBefores.evaluate(RunBefores.java:28)
	at org.junit.internal.runners.statements.RunAfters.evaluate(RunAfters.java:31)
	at org.junit.runners.ParentRunner.run(ParentRunner.java:220)
	at org.apache.maven.surefire.junit4.JUnit4TestSet.execute(JUnit4TestSet.java:62)
	at org.apache.maven.surefire.suite.AbstractDirectoryTestSuite.executeTestSet(AbstractDirectoryTestSuite.java:140)
	at org.apache.maven.surefire.suite.AbstractDirectoryTestSuite.execute(AbstractDirectoryTestSuite.java:127)
	at org.apache.maven.surefire.Surefire.run(Surefire.java:177)
	at sun.reflect.NativeMethodAccessorImpl.invoke0(Native Method)
	at sun.reflect.NativeMethodAccessorImpl.invoke(NativeMethodAccessorImpl.java:39)
	at sun.reflect.DelegatingMethodAccessorImpl.invoke(DelegatingMethodAccessorImpl.java:25)
	at java.lang.reflect.Method.invoke(Method.java:585)
	at org.apache.maven.surefire.booter.SurefireBooter.runSuitesInProcess(SurefireBooter.java:338)
	at org.apache.maven.surefire.booter.SurefireBooter.main(SurefireBooter.java:997)
</failure>
    <system-err>compile stderr from: javac -d /tmp/antlr-org.antlr.test.TestAttributes-1235256937958 -classpath /tmp/antlr-org.antlr.test.TestAttributes-1235256937958:/opt/local/share/java/maven2/boot/classworlds-1.1.jar:/Users/parrt/antlr/code/antlr/release-3.1.2/target/test-classes:/Users/parrt/antlr/code/antlr/release-3.1.2/target/classes:/Users/parrt/.m2/repository/junit/junit/4.5/junit-4.5.jar:/Users/parrt/.m2/repository/antlr/antlr/2.7.7/antlr-2.7.7.jar:/Users/parrt/.m2/repository/org/antlr/stringtemplate/3.2/stringtemplate-3.2.jar:/Users/parrt/.m2/repository/org/antlr/antlr-runtime/3.1.2/antlr-runtime-3.1.2.jar:/Users/parrt/.m2/repository/org/antlr/gunit/1.0.5/gunit-1.0.5.jar: TParser.java
/tmp/antlr-org.antlr.test.TestAttributes-1235256937958/TParser.java:79: incompatible types
found   : TParser.a_return
required: TParser.b_return
            x=a();
               ^
Note: /tmp/antlr-org.antlr.test.TestAttributes-1235256937958/TParser.java uses unchecked or unsafe operations.
Note: Recompile with -Xlint:unchecked for details.
1 error

compile stderr from: javac -d /tmp/antlr-org.antlr.test.TestAttributes-1235256937958 -classpath /tmp/antlr-org.antlr.test.TestAttributes-1235256937958:/opt/local/share/java/maven2/boot/classworlds-1.1.jar:/Users/parrt/antlr/code/antlr/release-3.1.2/target/test-classes:/Users/parrt/antlr/code/antlr/release-3.1.2/target/classes:/Users/parrt/.m2/repository/junit/junit/4.5/junit-4.5.jar:/Users/parrt/.m2/repository/antlr/antlr/2.7.7/antlr-2.7.7.jar:/Users/parrt/.m2/repository/org/antlr/stringtemplate/3.2/stringtemplate-3.2.jar:/Users/parrt/.m2/repository/org/antlr/antlr-runtime/3.1.2/antlr-runtime-3.1.2.jar:/Users/parrt/.m2/repository/org/antlr/gunit/1.0.5/gunit-1.0.5.jar: Test.java
/tmp/antlr-org.antlr.test.TestAttributes-1235256937958/TParser.java:79: incompatible types
found   : TParser.a_return
required: TParser.b_return
            x=a();
               ^
Note: /tmp/antlr-org.antlr.test.TestAttributes-1235256937958/TParser.java uses unchecked or unsafe operations.
Note: Recompile with -Xlint:unchecked for details.
1 error

</system-err>
  </testcase>
  <testcase classname="org.antlr.test.TestAttributes" time="0.058" name="testMissingArgs"/>
  <testcase classname="org.antlr.test.TestAttributes" time="0.058" name="testArgsWhenNoneDefined"/>
  <testcase classname="org.antlr.test.TestAttributes" time="0.002" name="testReturnInitValue"/>
  <testcase classname="org.antlr.test.TestAttributes" time="0.002" name="testMultipleReturnInitValue"/>
  <testcase classname="org.antlr.test.TestAttributes" time="0.001" name="testCStyleReturnInitValue"/>
  <testcase classname="org.antlr.test.TestAttributes" time="0.057" name="testArgsWithInitValues"/>
  <testcase classname="org.antlr.test.TestAttributes" time="0.087" name="testArgsOnToken"/>
  <testcase classname="org.antlr.test.TestAttributes" time="0.055" name="testArgsOnTokenInLexer"/>
  <testcase classname="org.antlr.test.TestAttributes" time="0.057" name="testLabelOnRuleRefInLexer"/>
  <testcase classname="org.antlr.test.TestAttributes" time="0.055" name="testRefToRuleRefInLexer"/>
  <testcase classname="org.antlr.test.TestAttributes" time="0.058" name="testRefToRuleRefInLexerNoAttribute"/>
  <testcase classname="org.antlr.test.TestAttributes" time="0.085" name="testCharLabelInLexer"/>
  <testcase classname="org.antlr.test.TestAttributes" time="0.056" name="testCharListLabelInLexer"/>
  <testcase classname="org.antlr.test.TestAttributes" time="0.052" name="testWildcardCharLabelInLexer"/>
  <testcase classname="org.antlr.test.TestAttributes" time="0.057" name="testWildcardCharListLabelInLexer"/>
  <testcase classname="org.antlr.test.TestAttributes" time="0.051" name="testMissingArgsInLexer"/>
  <testcase classname="org.antlr.test.TestAttributes" time="0.08" name="testLexerRulePropertyRefs"/>
  <testcase classname="org.antlr.test.TestAttributes" time="0.059" name="testLexerLabelRefs"/>
  <testcase classname="org.antlr.test.TestAttributes" time="0.058" name="testSettingLexerRulePropertyRefs"/>
  <testcase classname="org.antlr.test.TestAttributes" time="0.058" name="testArgsOnTokenInLexerRuleOfCombined"/>
  <testcase classname="org.antlr.test.TestAttributes" time="0.086" name="testMissingArgsOnTokenInLexerRuleOfCombined"/>
  <testcase classname="org.antlr.test.TestAttributes" time="0.053" name="testTokenLabelTreeProperty"/>
  <testcase classname="org.antlr.test.TestAttributes" time="0.049" name="testTokenRefTreeProperty"/>
  <testcase classname="org.antlr.test.TestAttributes" time="0.051" name="testAmbiguousTokenRef"/>
  <testcase classname="org.antlr.test.TestAttributes" time="0.059" name="testAmbiguousTokenRefWithProp"/>
  <testcase classname="org.antlr.test.TestAttributes" time="0.082" name="testRuleRefWithDynamicScope"/>
  <testcase classname="org.antlr.test.TestAttributes" time="0.049" name="testAssignToOwnRulenameAttr"/>
  <testcase classname="org.antlr.test.TestAttributes" time="0.051" name="testAssignToOwnParamAttr"/>
  <testcase classname="org.antlr.test.TestAttributes" time="0.049" name="testIllegalAssignToOwnRulenameAttr"/>
  <testcase classname="org.antlr.test.TestAttributes" time="0.05" name="testIllegalAssignToLocalAttr"/>
  <testcase classname="org.antlr.test.TestAttributes" time="0.099" name="testIllegalAssignRuleRefAttr"/>
  <testcase classname="org.antlr.test.TestAttributes" time="0.056" name="testIllegalAssignTokenRefAttr"/>
  <testcase classname="org.antlr.test.TestAttributes" time="0.079" name="testAssignToTreeNodeAttribute"/>
  <testcase classname="org.antlr.test.TestAttributes" time="0.056" name="testDoNotTranslateAttributeCompare"/>
  <testcase classname="org.antlr.test.TestAttributes" time="0.077" name="testDoNotTranslateScopeAttributeCompare"/>
  <testcase classname="org.antlr.test.TestAttributes" time="0.055" name="testTreeRuleStopAttributeIsInvalid"/>
  <testcase classname="org.antlr.test.TestAttributes" time="0.061" name="testRefToTextAttributeForCurrentTreeRule"/>
  <testcase classname="org.antlr.test.TestAttributes" time="0.052" name="testTypeOfGuardedAttributeRefIsCorrect"/>
</testsuite>