<?xml version="1.0" encoding="UTF-8" ?>
<testsuite errors="0" skipped="0" tests="54" time="117.843" failures="0" name="org.antlr.test.TestAutoAST">
  <properties>
[...]
</properties>
  <testcase classname="org.antlr.test.TestAutoAST" time="2.136" name="testSet"/>
  <testcase classname="org.antlr.test.TestAutoAST" time="2.208" name="testTokenList"/>
  <testcase classname="org.antlr.test.TestAutoAST" time="2.36" name="testTokenListInSingleAltBlock"/>
  <testcase classname="org.antlr.test.TestAutoAST" time="2.316" name="testSimpleRootAtOuterLevel"/>
  <testcase classname="org.antlr.test.TestAutoAST" time="2.196" name="testSimpleRootAtOuterLevelReverse"/>
  <testcase classname="org.antlr.test.TestAutoAST" time="2.293" name="testBang"/>
  <testcase classname="org.antlr.test.TestAutoAST" time="2.204" name="testOptionalThenRoot"/>
  <testcase classname="org.antlr.test.TestAutoAST" time="2.235" name="testLabeledStringRoot"/>
  <testcase classname="org.antlr.test.TestAutoAST" time="2.199" name="testWildcard"/>
  <testcase classname="org.antlr.test.TestAutoAST" time="2.339" name="testWildcardRoot"/>
  <testcase classname="org.antlr.test.TestAutoAST" time="2.277" name="testWildcardRootWithLabel"/>
  <testcase classname="org.antlr.test.TestAutoAST" time="2.379" name="testWildcardRootWithListLabel"/>
  <testcase classname="org.antlr.test.TestAutoAST" time="2.263" name="testWildcardBangWithListLabel"/>
  <testcase classname="org.antlr.test.TestAutoAST" time="2.26" name="testRootRoot"/>
  <testcase classname="org.antlr.test.TestAutoAST" time="2.33" name="testRootRoot2"/>
  <testcase classname="org.antlr.test.TestAutoAST" time="2.296" name="testRootThenRootInLoop"/>
  <testcase classname="org.antlr.test.TestAutoAST" time="2.428" name="testNestedSubrule"/>
  <testcase classname="org.antlr.test.TestAutoAST" time="2.223" name="testInvokeRule"/>
  <testcase classname="org.antlr.test.TestAutoAST" time="2.332" name="testInvokeRuleAsRoot"/>
  <testcase classname="org.antlr.test.TestAutoAST" time="2.219" name="testInvokeRuleAsRootWithLabel"/>
  <testcase classname="org.antlr.test.TestAutoAST" time="2.287" name="testInvokeRuleAsRootWithListLabel"/>
  <testcase classname="org.antlr.test.TestAutoAST" time="2.121" name="testRuleRootInLoop"/>
  <testcase classname="org.antlr.test.TestAutoAST" time="2.095" name="testRuleInvocationRuleRootInLoop"/>
  <testcase classname="org.antlr.test.TestAutoAST" time="2.194" name="testTailRecursion"/>
  <testcase classname="org.antlr.test.TestAutoAST" time="2.126" name="testSetRoot"/>
  <testcase classname="org.antlr.test.TestAutoAST" time="2.121" name="testSetAsRuleRootInLoop"/>
  <testcase classname="org.antlr.test.TestAutoAST" time="2.121" name="testNotSet"/>
  <testcase classname="org.antlr.test.TestAutoAST" time="2.15" name="testNotSetWithLabel"/>
  <testcase classname="org.antlr.test.TestAutoAST" time="2.067" name="testNotSetWithListLabel"/>
  <testcase classname="org.antlr.test.TestAutoAST" time="2.159" name="testNotSetRoot"/>
  <testcase classname="org.antlr.test.TestAutoAST" time="2.095" name="testNotSetRootWithLabel"/>
  <testcase classname="org.antlr.test.TestAutoAST" time="2.092" name="testNotSetRootWithListLabel"/>
  <testcase classname="org.antlr.test.TestAutoAST" time="2.112" name="testNotSetRuleRootInLoop"/>
  <testcase classname="org.antlr.test.TestAutoAST" time="2.123" name="testTokenLabelReuse"/>
  <testcase classname="org.antlr.test.TestAutoAST" time="2.228" name="testTokenLabelReuse2"/>
  <testcase classname="org.antlr.test.TestAutoAST" time="2.115" name="testTokenListLabelReuse"/>
  <testcase classname="org.antlr.test.TestAutoAST" time="2.107" name="testTokenListLabelReuse2"/>
  <testcase classname="org.antlr.test.TestAutoAST" time="2.115" name="testTokenListLabelRuleRoot"/>
  <testcase classname="org.antlr.test.TestAutoAST" time="2.103" name="testTokenListLabelBang"/>
  <testcase classname="org.antlr.test.TestAutoAST" time="2.106" name="testRuleListLabel"/>
  <testcase classname="org.antlr.test.TestAutoAST" time="2.066" name="testRuleListLabelRuleRoot"/>
  <testcase classname="org.antlr.test.TestAutoAST" time="2.127" name="testRuleListLabelBang"/>
  <testcase classname="org.antlr.test.TestAutoAST" time="2.143" name="testComplicatedMelange"/>
  <testcase classname="org.antlr.test.TestAutoAST" time="2.102" name="testReturnValueWithAST"/>
  <testcase classname="org.antlr.test.TestAutoAST" time="2.064" name="testSetLoop"/>
  <testcase classname="org.antlr.test.TestAutoAST" time="2.11" name="testExtraTokenInSimpleDecl"/>
  <testcase classname="org.antlr.test.TestAutoAST" time="2.129" name="testMissingIDInSimpleDecl"/>
  <testcase classname="org.antlr.test.TestAutoAST" time="2.147" name="testMissingSetInSimpleDecl"/>
  <testcase classname="org.antlr.test.TestAutoAST" time="2.129" name="testMissingTokenGivesErrorNode"/>
  <testcase classname="org.antlr.test.TestAutoAST" time="2.16" name="testMissingTokenGivesErrorNodeInInvokedRule"/>
  <testcase classname="org.antlr.test.TestAutoAST" time="2.148" name="testExtraTokenGivesErrorNode"/>
  <testcase classname="org.antlr.test.TestAutoAST" time="2.093" name="testMissingFirstTokenGivesErrorNode"/>
  <testcase classname="org.antlr.test.TestAutoAST" time="2.157" name="testMissingFirstTokenGivesErrorNode2"/>
  <testcase classname="org.antlr.test.TestAutoAST" time="2.105" name="testNoViableAltGivesErrorNode"/>
</testsuite>