<?xml version="1.0" encoding="UTF-8" ?>
<testsuite errors="0" skipped="0" tests="75" time="0.179" failures="6" name="org.antlr.test.TestDFAConversion">
  <properties>
[...]
</properties>
  <testcase classname="org.antlr.test.TestDFAConversion" time="0.001" name="testA"/>
  <testcase classname="org.antlr.test.TestDFAConversion" time="0.001" name="testInvokeRule">
    <failure type="org.junit.ComparisonFailure" message="expected:&lt;....s0-X-&gt;.s1
.s1-A-&gt;:s[2=&gt;1
.s1-B-&gt;:s3]=&gt;2
&gt; but was:&lt;....s0-X-&gt;.s1
.s1-A-&gt;:s[3=&gt;1
.s1-B-&gt;:s2]=&gt;2
&gt;">org.junit.ComparisonFailure: expected:&lt;....s0-X-&gt;.s1
.s1-A-&gt;:s[2=&gt;1
.s1-B-&gt;:s3]=&gt;2
&gt; but was:&lt;....s0-X-&gt;.s1
.s1-A-&gt;:s[3=&gt;1
.s1-B-&gt;:s2]=&gt;2
&gt;
	at org.junit.Assert.assertEquals(Assert.java:123)
	at org.junit.Assert.assertEquals(Assert.java:145)
	at org.antlr.test.BaseTest.assertEquals(BaseTest.java:873)
	at org.antlr.test.TestDFAConversion.checkDecision(TestDFAConversion.java:1597)
	at org.antlr.test.TestDFAConversion.testInvokeRule(TestDFAConversion.java:651)
	at sun.reflect.NativeMethodAccessorImpl.invoke0(Native Method)
	at sun.reflect.NativeMethodAccessorImpl.invoke(NativeMethodAccessorImpl.java:39)
	at sun.reflect.DelegatingMethodAccessorImpl.invoke(DelegatingMethodAccessorImpl.java:25)
	at java.lang.reflect.Method.invoke(Method.java:585)
	at org.junit.runners.model.FrameworkMethod$1.runReflectiveCall(FrameworkMethod.java:44)
	at org.junit.internal.runners.model.ReflectiveCallable.run(ReflectiveCallable.java:15)
	at org.junit.runners.model.FrameworkMethod.invokeExplosively(FrameworkMethod.java:41)
	at org.junit.internal.runners.statements.InvokeMethod.evaluate(InvokeMethod.java:20)
	at org.junit.internal.runners.statements.RunBefores.evaluate(RunBefores.java:28)
	at org.junit.internal.runners.statements.RunAfters.evaluate(RunAfters.java:31)
	at org.junit.runners.BlockJUnit4ClassRunner.runChild(BlockJUnit4ClassRunner.java:73)
	at org.junit.runners.BlockJUnit4ClassRunner.runChild(BlockJUnit4ClassRunner.java:46)
	at org.junit.runners.ParentRunner.runChildren(ParentRunner.java:180)
	at org.junit.runners.ParentRunner.access$000(ParentRunner.java:41)
	at org.junit.runners.ParentRunner$1.evaluate(ParentRunner.java:173)
	at org.junit.internal.runners.statements.RunBefores.evaluate(RunBefores.java:28)
	at org.junit.internal.runners.statements.RunAfters.evaluate(RunAfters.java:31)
	at org.junit.runners.ParentRunner.run(ParentRunner.java:220)
	at org.apache.maven.surefire.junit4.JUnit4TestSet.execute(JUnit4TestSet.java:62)
	at org.apache.maven.surefire.suite.AbstractDirectoryTestSuite.executeTestSet(AbstractDirectoryTestSuite.java:140)
	at org.apache.maven.surefire.suite.AbstractDirectoryTestSuite.execute(AbstractDirectoryTestSuite.java:127)
	at org.apache.maven.surefire.Surefire.run(Surefire.java:177)
	at sun.reflect.NativeMethodAccessorImpl.invoke0(Native Method)
	at sun.reflect.NativeMethodAccessorImpl.invoke(NativeMethodAccessorImpl.java:39)
	at sun.reflect.DelegatingMethodAccessorImpl.invoke(DelegatingMethodAccessorImpl.java:25)
	at java.lang.reflect.Method.invoke(Method.java:585)
	at org.apache.maven.surefire.booter.SurefireBooter.runSuitesInProcess(SurefireBooter.java:338)
	at org.apache.maven.surefire.booter.SurefireBooter.main(SurefireBooter.java:997)
</failure>
  </testcase>
  <testcase classname="org.antlr.test.TestDFAConversion" time="0.001" name="testAB_or_AC"/>
  <testcase classname="org.antlr.test.TestDFAConversion" time="0.001" name="testAB_or_AC_k2"/>
  <testcase classname="org.antlr.test.TestDFAConversion" time="0.001" name="testAB_or_AC_k1"/>
  <testcase classname="org.antlr.test.TestDFAConversion" time="0.002" name="testselfRecurseNonDet"/>
  <testcase classname="org.antlr.test.TestDFAConversion" time="0.002" name="testRecursionOverflow"/>
  <testcase classname="org.antlr.test.TestDFAConversion" time="0.001" name="testRecursionOverflow2"/>
  <testcase classname="org.antlr.test.TestDFAConversion" time="0.001" name="testRecursionOverflowWithPredOk"/>
  <testcase classname="org.antlr.test.TestDFAConversion" time="0.002" name="testRecursionOverflowWithPredOk2"/>
  <testcase classname="org.antlr.test.TestDFAConversion" time="0.001" name="testCannotSeePastRecursion"/>
  <testcase classname="org.antlr.test.TestDFAConversion" time="0.001" name="testSynPredResolvesRecursion"/>
  <testcase classname="org.antlr.test.TestDFAConversion" time="0.001" name="testSemPredResolvesRecursion"/>
  <testcase classname="org.antlr.test.TestDFAConversion" time="0.001" name="testSemPredResolvesRecursion2"/>
  <testcase classname="org.antlr.test.TestDFAConversion" time="0.001" name="testSemPredResolvesRecursion3"/>
  <testcase classname="org.antlr.test.TestDFAConversion" time="0.002" name="testSynPredResolvesRecursion2"/>
  <testcase classname="org.antlr.test.TestDFAConversion" time="0.002" name="testSynPredResolvesRecursion3"/>
  <testcase classname="org.antlr.test.TestDFAConversion" time="0.002" name="testSynPredResolvesRecursion4"/>
  <testcase classname="org.antlr.test.TestDFAConversion" time="0.001" name="testSynPredResolvesRecursionInLexer"/>
  <testcase classname="org.antlr.test.TestDFAConversion" time="0.005" name="testAutoBacktrackResolvesRecursionInLexer"/>
  <testcase classname="org.antlr.test.TestDFAConversion" time="0.002" name="testAutoBacktrackResolvesRecursion"/>
  <testcase classname="org.antlr.test.TestDFAConversion" time="0.001" name="testselfRecurseNonDet2"/>
  <testcase classname="org.antlr.test.TestDFAConversion" time="0.002" name="testIndirectRecursionLoop"/>
  <testcase classname="org.antlr.test.TestDFAConversion" time="0.001" name="testIndirectRecursionLoop2"/>
  <testcase classname="org.antlr.test.TestDFAConversion" time="0.002" name="testIndirectRecursionLoop3"/>
  <testcase classname="org.antlr.test.TestDFAConversion" time="0.001" name="testifThenElse"/>
  <testcase classname="org.antlr.test.TestDFAConversion" time="0.001" name="testifThenElseChecksStackSuffixConflict"/>
  <testcase classname="org.antlr.test.TestDFAConversion" time="0.001" name="testDoubleInvokeRuleLeftEdge">
    <failure type="org.junit.ComparisonFailure" message="expected:&lt;.s0-C-&gt;.s1
.s1-B-&gt;.s[2
.s1-X-&gt;:s4=&gt;1
.s1-Y-&gt;:s3=&gt;2
.s2-X-&gt;:s4=&gt;1
.s2]-Y-&gt;:s3=&gt;2
&gt; but was:&lt;.s0-C-&gt;.s1
.s1-B-&gt;.s[4
.s1-X-&gt;:s2=&gt;1
.s1-Y-&gt;:s3=&gt;2
.s4-X-&gt;:s2=&gt;1
.s4]-Y-&gt;:s3=&gt;2
&gt;">org.junit.ComparisonFailure: expected:&lt;.s0-C-&gt;.s1
.s1-B-&gt;.s[2
.s1-X-&gt;:s4=&gt;1
.s1-Y-&gt;:s3=&gt;2
.s2-X-&gt;:s4=&gt;1
.s2]-Y-&gt;:s3=&gt;2
&gt; but was:&lt;.s0-C-&gt;.s1
.s1-B-&gt;.s[4
.s1-X-&gt;:s2=&gt;1
.s1-Y-&gt;:s3=&gt;2
.s4-X-&gt;:s2=&gt;1
.s4]-Y-&gt;:s3=&gt;2
&gt;
	at org.junit.Assert.assertEquals(Assert.java:123)
	at org.junit.Assert.assertEquals(Assert.java:145)
	at org.antlr.test.BaseTest.assertEquals(BaseTest.java:873)
	at org.antlr.test.TestDFAConversion.checkDecision(TestDFAConversion.java:1597)
	at org.antlr.test.TestDFAConversion.testDoubleInvokeRuleLeftEdge(TestDFAConversion.java:672)
	at sun.reflect.NativeMethodAccessorImpl.invoke0(Native Method)
	at sun.reflect.NativeMethodAccessorImpl.invoke(NativeMethodAccessorImpl.java:39)
	at sun.reflect.DelegatingMethodAccessorImpl.invoke(DelegatingMethodAccessorImpl.java:25)
	at java.lang.reflect.Method.invoke(Method.java:585)
	at org.junit.runners.model.FrameworkMethod$1.runReflectiveCall(FrameworkMethod.java:44)
	at org.junit.internal.runners.model.ReflectiveCallable.run(ReflectiveCallable.java:15)
	at org.junit.runners.model.FrameworkMethod.invokeExplosively(FrameworkMethod.java:41)
	at org.junit.internal.runners.statements.InvokeMethod.evaluate(InvokeMethod.java:20)
	at org.junit.internal.runners.statements.RunBefores.evaluate(RunBefores.java:28)
	at org.junit.internal.runners.statements.RunAfters.evaluate(RunAfters.java:31)
	at org.junit.runners.BlockJUnit4ClassRunner.runChild(BlockJUnit4ClassRunner.java:73)
	at org.junit.runners.BlockJUnit4ClassRunner.runChild(BlockJUnit4ClassRunner.java:46)
	at org.junit.runners.ParentRunner.runChildren(ParentRunner.java:180)
	at org.junit.runners.ParentRunner.access$000(ParentRunner.java:41)
	at org.junit.runners.ParentRunner$1.evaluate(ParentRunner.java:173)
	at org.junit.internal.runners.statements.RunBefores.evaluate(RunBefores.java:28)
	at org.junit.internal.runners.statements.RunAfters.evaluate(RunAfters.java:31)
	at org.junit.runners.ParentRunner.run(ParentRunner.java:220)
	at org.apache.maven.surefire.junit4.JUnit4TestSet.execute(JUnit4TestSet.java:62)
	at org.apache.maven.surefire.suite.AbstractDirectoryTestSuite.executeTestSet(AbstractDirectoryTestSuite.java:140)
	at org.apache.maven.surefire.suite.AbstractDirectoryTestSuite.execute(AbstractDirectoryTestSuite.java:127)
	at org.apache.maven.surefire.Surefire.run(Surefire.java:177)
	at sun.reflect.NativeMethodAccessorImpl.invoke0(Native Method)
	at sun.reflect.NativeMethodAccessorImpl.invoke(NativeMethodAccessorImpl.java:39)
	at sun.reflect.DelegatingMethodAccessorImpl.invoke(DelegatingMethodAccessorImpl.java:25)
	at java.lang.reflect.Method.invoke(Method.java:585)
	at org.apache.maven.surefire.booter.SurefireBooter.runSuitesInProcess(SurefireBooter.java:338)
	at org.apache.maven.surefire.booter.SurefireBooter.main(SurefireBooter.java:997)
</failure>
  </testcase>
  <testcase classname="org.antlr.test.TestDFAConversion" time="0.004" name="testimmediateTailRecursion"/>
  <testcase classname="org.antlr.test.TestDFAConversion" time="0.001" name="testAStar_immediateTailRecursion"/>
  <testcase classname="org.antlr.test.TestDFAConversion" time="0.051" name="testNoStartRule"/>
  <testcase classname="org.antlr.test.TestDFAConversion" time="0.001" name="testAStar_immediateTailRecursion2">
    <failure type="org.junit.ComparisonFailure" message="expected:&lt;.s0-A-&gt;.s1
.s1-A-&gt;:s[2=&gt;1
.s1-EOF-&gt;:s3]=&gt;2
&gt; but was:&lt;.s0-A-&gt;.s1
.s1-A-&gt;:s[3=&gt;1
.s1-EOF-&gt;:s2]=&gt;2
&gt;">org.junit.ComparisonFailure: expected:&lt;.s0-A-&gt;.s1
.s1-A-&gt;:s[2=&gt;1
.s1-EOF-&gt;:s3]=&gt;2
&gt; but was:&lt;.s0-A-&gt;.s1
.s1-A-&gt;:s[3=&gt;1
.s1-EOF-&gt;:s2]=&gt;2
&gt;
	at org.junit.Assert.assertEquals(Assert.java:123)
	at org.junit.Assert.assertEquals(Assert.java:145)
	at org.antlr.test.BaseTest.assertEquals(BaseTest.java:873)
	at org.antlr.test.TestDFAConversion.checkDecision(TestDFAConversion.java:1597)
	at org.antlr.test.TestDFAConversion.testAStar_immediateTailRecursion2(TestDFAConversion.java:743)
	at sun.reflect.NativeMethodAccessorImpl.invoke0(Native Method)
	at sun.reflect.NativeMethodAccessorImpl.invoke(NativeMethodAccessorImpl.java:39)
	at sun.reflect.DelegatingMethodAccessorImpl.invoke(DelegatingMethodAccessorImpl.java:25)
	at java.lang.reflect.Method.invoke(Method.java:585)
	at org.junit.runners.model.FrameworkMethod$1.runReflectiveCall(FrameworkMethod.java:44)
	at org.junit.internal.runners.model.ReflectiveCallable.run(ReflectiveCallable.java:15)
	at org.junit.runners.model.FrameworkMethod.invokeExplosively(FrameworkMethod.java:41)
	at org.junit.internal.runners.statements.InvokeMethod.evaluate(InvokeMethod.java:20)
	at org.junit.internal.runners.statements.RunBefores.evaluate(RunBefores.java:28)
	at org.junit.internal.runners.statements.RunAfters.evaluate(RunAfters.java:31)
	at org.junit.runners.BlockJUnit4ClassRunner.runChild(BlockJUnit4ClassRunner.java:73)
	at org.junit.runners.BlockJUnit4ClassRunner.runChild(BlockJUnit4ClassRunner.java:46)
	at org.junit.runners.ParentRunner.runChildren(ParentRunner.java:180)
	at org.junit.runners.ParentRunner.access$000(ParentRunner.java:41)
	at org.junit.runners.ParentRunner$1.evaluate(ParentRunner.java:173)
	at org.junit.internal.runners.statements.RunBefores.evaluate(RunBefores.java:28)
	at org.junit.internal.runners.statements.RunAfters.evaluate(RunAfters.java:31)
	at org.junit.runners.ParentRunner.run(ParentRunner.java:220)
	at org.apache.maven.surefire.junit4.JUnit4TestSet.execute(JUnit4TestSet.java:62)
	at org.apache.maven.surefire.suite.AbstractDirectoryTestSuite.executeTestSet(AbstractDirectoryTestSuite.java:140)
	at org.apache.maven.surefire.suite.AbstractDirectoryTestSuite.execute(AbstractDirectoryTestSuite.java:127)
	at org.apache.maven.surefire.Surefire.run(Surefire.java:177)
	at sun.reflect.NativeMethodAccessorImpl.invoke0(Native Method)
	at sun.reflect.NativeMethodAccessorImpl.invoke(NativeMethodAccessorImpl.java:39)
	at sun.reflect.DelegatingMethodAccessorImpl.invoke(DelegatingMethodAccessorImpl.java:25)
	at java.lang.reflect.Method.invoke(Method.java:585)
	at org.apache.maven.surefire.booter.SurefireBooter.runSuitesInProcess(SurefireBooter.java:338)
	at org.apache.maven.surefire.booter.SurefireBooter.main(SurefireBooter.java:997)
</failure>
  </testcase>
  <testcase classname="org.antlr.test.TestDFAConversion" time="0.002" name="testimmediateLeftRecursion"/>
  <testcase classname="org.antlr.test.TestDFAConversion" time="0.001" name="testIndirectLeftRecursion"/>
  <testcase classname="org.antlr.test.TestDFAConversion" time="0.001" name="testLeftRecursionInMultipleCycles"/>
  <testcase classname="org.antlr.test.TestDFAConversion" time="0" name="testCycleInsideRuleDoesNotForceInfiniteRecursion"/>
  <testcase classname="org.antlr.test.TestDFAConversion" time="0.001" name="testAStar"/>
  <testcase classname="org.antlr.test.TestDFAConversion" time="0.001" name="testAorBorCStar"/>
  <testcase classname="org.antlr.test.TestDFAConversion" time="0.001" name="testAPlus"/>
  <testcase classname="org.antlr.test.TestDFAConversion" time="0.001" name="testAPlusNonGreedyWhenDeterministic"/>
  <testcase classname="org.antlr.test.TestDFAConversion" time="0.001" name="testAPlusNonGreedyWhenNonDeterministic"/>
  <testcase classname="org.antlr.test.TestDFAConversion" time="0.001" name="testAPlusGreedyWhenNonDeterministic"/>
  <testcase classname="org.antlr.test.TestDFAConversion" time="0" name="testAorBorCPlus"/>
  <testcase classname="org.antlr.test.TestDFAConversion" time="0.001" name="testAOptional"/>
  <testcase classname="org.antlr.test.TestDFAConversion" time="0.002" name="testAorBorCOptional"/>
  <testcase classname="org.antlr.test.TestDFAConversion" time="0.001" name="testAStarBOrAStarC">
    <failure type="org.junit.ComparisonFailure" message="expected:&lt;.s0-A-&gt;.s1
.s0-B-&gt;:s[2=&gt;1
.s0-C-&gt;:s3=&gt;2
.s1-A-&gt;.s1
.s1-B-&gt;:s2=&gt;1
.s1-C-&gt;:s3]=&gt;2
&gt; but was:&lt;.s0-A-&gt;.s1
.s0-B-&gt;:s[3=&gt;1
.s0-C-&gt;:s2=&gt;2
.s1-A-&gt;.s1
.s1-B-&gt;:s3=&gt;1
.s1-C-&gt;:s2]=&gt;2
&gt;">org.junit.ComparisonFailure: expected:&lt;.s0-A-&gt;.s1
.s0-B-&gt;:s[2=&gt;1
.s0-C-&gt;:s3=&gt;2
.s1-A-&gt;.s1
.s1-B-&gt;:s2=&gt;1
.s1-C-&gt;:s3]=&gt;2
&gt; but was:&lt;.s0-A-&gt;.s1
.s0-B-&gt;:s[3=&gt;1
.s0-C-&gt;:s2=&gt;2
.s1-A-&gt;.s1
.s1-B-&gt;:s3=&gt;1
.s1-C-&gt;:s2]=&gt;2
&gt;
	at org.junit.Assert.assertEquals(Assert.java:123)
	at org.junit.Assert.assertEquals(Assert.java:145)
	at org.antlr.test.BaseTest.assertEquals(BaseTest.java:873)
	at org.antlr.test.TestDFAConversion.checkDecision(TestDFAConversion.java:1597)
	at org.antlr.test.TestDFAConversion.testAStarBOrAStarC(TestDFAConversion.java:923)
	at sun.reflect.NativeMethodAccessorImpl.invoke0(Native Method)
	at sun.reflect.NativeMethodAccessorImpl.invoke(NativeMethodAccessorImpl.java:39)
	at sun.reflect.DelegatingMethodAccessorImpl.invoke(DelegatingMethodAccessorImpl.java:25)
	at java.lang.reflect.Method.invoke(Method.java:585)
	at org.junit.runners.model.FrameworkMethod$1.runReflectiveCall(FrameworkMethod.java:44)
	at org.junit.internal.runners.model.ReflectiveCallable.run(ReflectiveCallable.java:15)
	at org.junit.runners.model.FrameworkMethod.invokeExplosively(FrameworkMethod.java:41)
	at org.junit.internal.runners.statements.InvokeMethod.evaluate(InvokeMethod.java:20)
	at org.junit.internal.runners.statements.RunBefores.evaluate(RunBefores.java:28)
	at org.junit.internal.runners.statements.RunAfters.evaluate(RunAfters.java:31)
	at org.junit.runners.BlockJUnit4ClassRunner.runChild(BlockJUnit4ClassRunner.java:73)
	at org.junit.runners.BlockJUnit4ClassRunner.runChild(BlockJUnit4ClassRunner.java:46)
	at org.junit.runners.ParentRunner.runChildren(ParentRunner.java:180)
	at org.junit.runners.ParentRunner.access$000(ParentRunner.java:41)
	at org.junit.runners.ParentRunner$1.evaluate(ParentRunner.java:173)
	at org.junit.internal.runners.statements.RunBefores.evaluate(RunBefores.java:28)
	at org.junit.internal.runners.statements.RunAfters.evaluate(RunAfters.java:31)
	at org.junit.runners.ParentRunner.run(ParentRunner.java:220)
	at org.apache.maven.surefire.junit4.JUnit4TestSet.execute(JUnit4TestSet.java:62)
	at org.apache.maven.surefire.suite.AbstractDirectoryTestSuite.executeTestSet(AbstractDirectoryTestSuite.java:140)
	at org.apache.maven.surefire.suite.AbstractDirectoryTestSuite.execute(AbstractDirectoryTestSuite.java:127)
	at org.apache.maven.surefire.Surefire.run(Surefire.java:177)
	at sun.reflect.NativeMethodAccessorImpl.invoke0(Native Method)
	at sun.reflect.NativeMethodAccessorImpl.invoke(NativeMethodAccessorImpl.java:39)
	at sun.reflect.DelegatingMethodAccessorImpl.invoke(DelegatingMethodAccessorImpl.java:25)
	at java.lang.reflect.Method.invoke(Method.java:585)
	at org.apache.maven.surefire.booter.SurefireBooter.runSuitesInProcess(SurefireBooter.java:338)
	at org.apache.maven.surefire.booter.SurefireBooter.main(SurefireBooter.java:997)
</failure>
  </testcase>
  <testcase classname="org.antlr.test.TestDFAConversion" time="0.001" name="testAStarBOrAPlusC">
    <failure type="org.junit.ComparisonFailure" message="expected:&lt;.s0-A-&gt;.s1
.s0-B-&gt;:s[2=&gt;1
.s1-A-&gt;.s1
.s1-B-&gt;:s2=&gt;1
.s1-C-&gt;:s3]=&gt;2
&gt; but was:&lt;.s0-A-&gt;.s1
.s0-B-&gt;:s[3=&gt;1
.s1-A-&gt;.s1
.s1-B-&gt;:s3=&gt;1
.s1-C-&gt;:s2]=&gt;2
&gt;">org.junit.ComparisonFailure: expected:&lt;.s0-A-&gt;.s1
.s0-B-&gt;:s[2=&gt;1
.s1-A-&gt;.s1
.s1-B-&gt;:s2=&gt;1
.s1-C-&gt;:s3]=&gt;2
&gt; but was:&lt;.s0-A-&gt;.s1
.s0-B-&gt;:s[3=&gt;1
.s1-A-&gt;.s1
.s1-B-&gt;:s3=&gt;1
.s1-C-&gt;:s2]=&gt;2
&gt;
	at org.junit.Assert.assertEquals(Assert.java:123)
	at org.junit.Assert.assertEquals(Assert.java:145)
	at org.antlr.test.BaseTest.assertEquals(BaseTest.java:873)
	at org.antlr.test.TestDFAConversion.checkDecision(TestDFAConversion.java:1597)
	at org.antlr.test.TestDFAConversion.testAStarBOrAPlusC(TestDFAConversion.java:945)
	at sun.reflect.NativeMethodAccessorImpl.invoke0(Native Method)
	at sun.reflect.NativeMethodAccessorImpl.invoke(NativeMethodAccessorImpl.java:39)
	at sun.reflect.DelegatingMethodAccessorImpl.invoke(DelegatingMethodAccessorImpl.java:25)
	at java.lang.reflect.Method.invoke(Method.java:585)
	at org.junit.runners.model.FrameworkMethod$1.runReflectiveCall(FrameworkMethod.java:44)
	at org.junit.internal.runners.model.ReflectiveCallable.run(ReflectiveCallable.java:15)
	at org.junit.runners.model.FrameworkMethod.invokeExplosively(FrameworkMethod.java:41)
	at org.junit.internal.runners.statements.InvokeMethod.evaluate(InvokeMethod.java:20)
	at org.junit.internal.runners.statements.RunBefores.evaluate(RunBefores.java:28)
	at org.junit.internal.runners.statements.RunAfters.evaluate(RunAfters.java:31)
	at org.junit.runners.BlockJUnit4ClassRunner.runChild(BlockJUnit4ClassRunner.java:73)
	at org.junit.runners.BlockJUnit4ClassRunner.runChild(BlockJUnit4ClassRunner.java:46)
	at org.junit.runners.ParentRunner.runChildren(ParentRunner.java:180)
	at org.junit.runners.ParentRunner.access$000(ParentRunner.java:41)
	at org.junit.runners.ParentRunner$1.evaluate(ParentRunner.java:173)
	at org.junit.internal.runners.statements.RunBefores.evaluate(RunBefores.java:28)
	at org.junit.internal.runners.statements.RunAfters.evaluate(RunAfters.java:31)
	at org.junit.runners.ParentRunner.run(ParentRunner.java:220)
	at org.apache.maven.surefire.junit4.JUnit4TestSet.execute(JUnit4TestSet.java:62)
	at org.apache.maven.surefire.suite.AbstractDirectoryTestSuite.executeTestSet(AbstractDirectoryTestSuite.java:140)
	at org.apache.maven.surefire.suite.AbstractDirectoryTestSuite.execute(AbstractDirectoryTestSuite.java:127)
	at org.apache.maven.surefire.Surefire.run(Surefire.java:177)
	at sun.reflect.NativeMethodAccessorImpl.invoke0(Native Method)
	at sun.reflect.NativeMethodAccessorImpl.invoke(NativeMethodAccessorImpl.java:39)
	at sun.reflect.DelegatingMethodAccessorImpl.invoke(DelegatingMethodAccessorImpl.java:25)
	at java.lang.reflect.Method.invoke(Method.java:585)
	at org.apache.maven.surefire.booter.SurefireBooter.runSuitesInProcess(SurefireBooter.java:338)
	at org.apache.maven.surefire.booter.SurefireBooter.main(SurefireBooter.java:997)
</failure>
  </testcase>
  <testcase classname="org.antlr.test.TestDFAConversion" time="0.001" name="testAOrBPlusOrAPlus">
    <failure type="org.junit.ComparisonFailure" message="expected:&lt;...-A-&gt;.s1
.s0-B..X-&gt;:s[2=&gt;1
.s1-A-&gt;.s1
.s1-B..X-&gt;:s2=&gt;1
.s1-Y-&gt;:s3]=&gt;2
&gt; but was:&lt;...-A-&gt;.s1
.s0-B..X-&gt;:s[3=&gt;1
.s1-A-&gt;.s1
.s1-B..X-&gt;:s3=&gt;1
.s1-Y-&gt;:s2]=&gt;2
&gt;">org.junit.ComparisonFailure: expected:&lt;...-A-&gt;.s1
.s0-B..X-&gt;:s[2=&gt;1
.s1-A-&gt;.s1
.s1-B..X-&gt;:s2=&gt;1
.s1-Y-&gt;:s3]=&gt;2
&gt; but was:&lt;...-A-&gt;.s1
.s0-B..X-&gt;:s[3=&gt;1
.s1-A-&gt;.s1
.s1-B..X-&gt;:s3=&gt;1
.s1-Y-&gt;:s2]=&gt;2
&gt;
	at org.junit.Assert.assertEquals(Assert.java:123)
	at org.junit.Assert.assertEquals(Assert.java:145)
	at org.antlr.test.BaseTest.assertEquals(BaseTest.java:873)
	at org.antlr.test.TestDFAConversion.checkDecision(TestDFAConversion.java:1597)
	at org.antlr.test.TestDFAConversion.testAOrBPlusOrAPlus(TestDFAConversion.java:968)
	at sun.reflect.NativeMethodAccessorImpl.invoke0(Native Method)
	at sun.reflect.NativeMethodAccessorImpl.invoke(NativeMethodAccessorImpl.java:39)
	at sun.reflect.DelegatingMethodAccessorImpl.invoke(DelegatingMethodAccessorImpl.java:25)
	at java.lang.reflect.Method.invoke(Method.java:585)
	at org.junit.runners.model.FrameworkMethod$1.runReflectiveCall(FrameworkMethod.java:44)
	at org.junit.internal.runners.model.ReflectiveCallable.run(ReflectiveCallable.java:15)
	at org.junit.runners.model.FrameworkMethod.invokeExplosively(FrameworkMethod.java:41)
	at org.junit.internal.runners.statements.InvokeMethod.evaluate(InvokeMethod.java:20)
	at org.junit.internal.runners.statements.RunBefores.evaluate(RunBefores.java:28)
	at org.junit.internal.runners.statements.RunAfters.evaluate(RunAfters.java:31)
	at org.junit.runners.BlockJUnit4ClassRunner.runChild(BlockJUnit4ClassRunner.java:73)
	at org.junit.runners.BlockJUnit4ClassRunner.runChild(BlockJUnit4ClassRunner.java:46)
	at org.junit.runners.ParentRunner.runChildren(ParentRunner.java:180)
	at org.junit.runners.ParentRunner.access$000(ParentRunner.java:41)
	at org.junit.runners.ParentRunner$1.evaluate(ParentRunner.java:173)
	at org.junit.internal.runners.statements.RunBefores.evaluate(RunBefores.java:28)
	at org.junit.internal.runners.statements.RunAfters.evaluate(RunAfters.java:31)
	at org.junit.runners.ParentRunner.run(ParentRunner.java:220)
	at org.apache.maven.surefire.junit4.JUnit4TestSet.execute(JUnit4TestSet.java:62)
	at org.apache.maven.surefire.suite.AbstractDirectoryTestSuite.executeTestSet(AbstractDirectoryTestSuite.java:140)
	at org.apache.maven.surefire.suite.AbstractDirectoryTestSuite.execute(AbstractDirectoryTestSuite.java:127)
	at org.apache.maven.surefire.Surefire.run(Surefire.java:177)
	at sun.reflect.NativeMethodAccessorImpl.invoke0(Native Method)
	at sun.reflect.NativeMethodAccessorImpl.invoke(NativeMethodAccessorImpl.java:39)
	at sun.reflect.DelegatingMethodAccessorImpl.invoke(DelegatingMethodAccessorImpl.java:25)
	at java.lang.reflect.Method.invoke(Method.java:585)
	at org.apache.maven.surefire.booter.SurefireBooter.runSuitesInProcess(SurefireBooter.java:338)
	at org.apache.maven.surefire.booter.SurefireBooter.main(SurefireBooter.java:997)
</failure>
  </testcase>
  <testcase classname="org.antlr.test.TestDFAConversion" time="0.001" name="testLoopbackAndExit"/>
  <testcase classname="org.antlr.test.TestDFAConversion" time="0.001" name="testOptionalAltAndBypass"/>
  <testcase classname="org.antlr.test.TestDFAConversion" time="0.001" name="testResolveLL1ByChoosingFirst"/>
  <testcase classname="org.antlr.test.TestDFAConversion" time="0" name="testResolveLL2ByChoosingFirst"/>
  <testcase classname="org.antlr.test.TestDFAConversion" time="0.002" name="testResolveLL2MixAlt"/>
  <testcase classname="org.antlr.test.TestDFAConversion" time="0.002" name="testIndirectIFThenElseStyleAmbig"/>
  <testcase classname="org.antlr.test.TestDFAConversion" time="0.001" name="testComplement"/>
  <testcase classname="org.antlr.test.TestDFAConversion" time="0.001" name="testComplementToken"/>
  <testcase classname="org.antlr.test.TestDFAConversion" time="0.001" name="testComplementChar"/>
  <testcase classname="org.antlr.test.TestDFAConversion" time="0.001" name="testComplementCharSet"/>
  <testcase classname="org.antlr.test.TestDFAConversion" time="0.006" name="testNoSetCollapseWithActions"/>
  <testcase classname="org.antlr.test.TestDFAConversion" time="0.001" name="testRuleAltsSetCollapse"/>
  <testcase classname="org.antlr.test.TestDFAConversion" time="0.001" name="testTokensRuleAltsDoNotCollapse"/>
  <testcase classname="org.antlr.test.TestDFAConversion" time="0.001" name="testMultipleSequenceCollision"/>
  <testcase classname="org.antlr.test.TestDFAConversion" time="0.001" name="testMultipleAltsSameSequenceCollision"/>
  <testcase classname="org.antlr.test.TestDFAConversion" time="0.001" name="testFollowReturnsToLoopReenteringSameRule"/>
  <testcase classname="org.antlr.test.TestDFAConversion" time="0.002" name="testTokenCallsAnotherOnLeftEdge"/>
  <testcase classname="org.antlr.test.TestDFAConversion" time="0.003" name="testSelfRecursionAmbigAlts"/>
  <testcase classname="org.antlr.test.TestDFAConversion" time="0.001" name="testIndirectRecursionAmbigAlts"/>
  <testcase classname="org.antlr.test.TestDFAConversion" time="0.001" name="testTailRecursionInvokedFromArbitraryLookaheadDecision"/>
  <testcase classname="org.antlr.test.TestDFAConversion" time="0.002" name="testWildcardStarK1AndNonGreedyByDefaultInParser"/>
  <testcase classname="org.antlr.test.TestDFAConversion" time="0.001" name="testWildcardPlusK1AndNonGreedyByDefaultInParser"/>
  <testcase classname="org.antlr.test.TestDFAConversion" time="0.002" name="testGatedSynPred"/>
  <testcase classname="org.antlr.test.TestDFAConversion" time="0.001" name="testHoistedGatedSynPred"/>
  <testcase classname="org.antlr.test.TestDFAConversion" time="0.001" name="testCyclicTableCreation"/>
  <testcase classname="org.antlr.test.TestDFAConversion" time="0.002" name="testWildcardInTreeGrammar"/>
  <testcase classname="org.antlr.test.TestDFAConversion" time="0.002" name="testWildcardInTreeGrammar2"/>
</testsuite>