<?xml version="1.0" encoding="UTF-8" ?>
<testsuite errors="0" skipped="0" tests="22" time="56.322" failures="0" name="org.antlr.test.TestHeteroAST">
  <properties>
[...]
</properties>
  <testcase classname="org.antlr.test.TestHeteroAST" time="2.111" name="testToken"/>
  <testcase classname="org.antlr.test.TestHeteroAST" time="2.171" name="testTokenWithQualifiedType"/>
  <testcase classname="org.antlr.test.TestHeteroAST" time="2.129" name="testTokenWithLabel"/>
  <testcase classname="org.antlr.test.TestHeteroAST" time="2.061" name="testTokenWithListLabel"/>
  <testcase classname="org.antlr.test.TestHeteroAST" time="2.117" name="testTokenRoot"/>
  <testcase classname="org.antlr.test.TestHeteroAST" time="2.144" name="testTokenRootWithListLabel"/>
  <testcase classname="org.antlr.test.TestHeteroAST" time="2.138" name="testString"/>
  <testcase classname="org.antlr.test.TestHeteroAST" time="2.107" name="testStringRoot"/>
  <testcase classname="org.antlr.test.TestHeteroAST" time="2.156" name="testRewriteToken"/>
  <testcase classname="org.antlr.test.TestHeteroAST" time="2.106" name="testRewriteTokenWithArgs"/>
  <testcase classname="org.antlr.test.TestHeteroAST" time="2.1" name="testRewriteTokenRoot"/>
  <testcase classname="org.antlr.test.TestHeteroAST" time="2.152" name="testRewriteString"/>
  <testcase classname="org.antlr.test.TestHeteroAST" time="2.117" name="testRewriteStringRoot"/>
  <testcase classname="org.antlr.test.TestHeteroAST" time="2.138" name="testRewriteRuleResults"/>
  <testcase classname="org.antlr.test.TestHeteroAST" time="2.105" name="testCopySemanticsWithHetero"/>
  <testcase classname="org.antlr.test.TestHeteroAST" time="3.459" name="testTreeParserRewriteFlatList"/>
  <testcase classname="org.antlr.test.TestHeteroAST" time="3.408" name="testTreeParserRewriteTree"/>
  <testcase classname="org.antlr.test.TestHeteroAST" time="3.42" name="testTreeParserRewriteImaginary"/>
  <testcase classname="org.antlr.test.TestHeteroAST" time="3.411" name="testTreeParserRewriteImaginaryWithArgs"/>
  <testcase classname="org.antlr.test.TestHeteroAST" time="3.837" name="testTreeParserRewriteImaginaryRoot"/>
  <testcase classname="org.antlr.test.TestHeteroAST" time="3.459" name="testTreeParserRewriteImaginaryFromReal"/>
  <testcase classname="org.antlr.test.TestHeteroAST" time="3.464" name="testTreeParserAutoHeteroAST"/>
</testsuite>