<?xml version="1.0" encoding="UTF-8" ?>
<testsuite errors="0" skipped="0" tests="118" time="10.487" failures="2" name="org.antlr.test.TestAttributes">
  <properties>
[...]
</properties>
  <testcase classname="org.antlr.test.TestAttributes" time="0" name="testEscapedLessThanInAction"/>
  <testcase classname="org.antlr.test.TestAttributes" time="0.052" name="testEscaped$InAction"/>
  <testcase classname="org.antlr.test.TestAttributes" time="0.076" name="testArguments"/>
  <testcase classname="org.antlr.test.TestAttributes" time="0.057" name="testComplicatedArgParsing"/>
  <testcase classname="org.antlr.test.TestAttributes" time="0.056" name="testBracketArgParsing"/>
  <testcase classname="org.antlr.test.TestAttributes" time="0.054" name="testStringArgParsing"/>
  <testcase classname="org.antlr.test.TestAttributes" time="0.059" name="testComplicatedSingleArgParsing"/>
  <testcase classname="org.antlr.test.TestAttributes" time="0.097" name="testArgWithLT"/>
  <testcase classname="org.antlr.test.TestAttributes" time="0.052" name="testGenericsAsArgumentDefinition"/>
  <testcase classname="org.antlr.test.TestAttributes" time="0.052" name="testGenericsAsArgumentDefinition2"/>
  <testcase classname="org.antlr.test.TestAttributes" time="0.001" name="testGenericsAsReturnValue"/>
  <testcase classname="org.antlr.test.TestAttributes" time="0.052" name="testComplicatedArgParsingWithTranslation"/>
  <testcase classname="org.antlr.test.TestAttributes" time="0.051" name="testRefToReturnValueBeforeRefToPredefinedAttr"/>
  <testcase classname="org.antlr.test.TestAttributes" time="0.076" name="testRuleLabelBeforeRefToPredefinedAttr"/>
  <testcase classname="org.antlr.test.TestAttributes" time="0.002" name="testInvalidArguments"/>
  <testcase classname="org.antlr.test.TestAttributes" time="0.051" name="testReturnValue"/>
  <testcase classname="org.antlr.test.TestAttributes" time="0.054" name="testReturnValueWithNumber"/>
  <testcase classname="org.antlr.test.TestAttributes" time="0.059" name="testReturnValues"/>
  <testcase classname="org.antlr.test.TestAttributes" time="0.064" name="testReturnWithMultipleRuleRefs"/>
  <testcase classname="org.antlr.test.TestAttributes" time="0.012" name="testInvalidReturnValues"/>
  <testcase classname="org.antlr.test.TestAttributes" time="0.085" name="testTokenLabels"/>
  <testcase classname="org.antlr.test.TestAttributes" time="0.06" name="testRuleLabels"/>
  <testcase classname="org.antlr.test.TestAttributes" time="0.059" name="testAmbiguRuleRef"/>
  <testcase classname="org.antlr.test.TestAttributes" time="0.063" name="testRuleLabelsWithSpecialToken"/>
  <testcase classname="org.antlr.test.TestAttributes" time="0.054" name="testForwardRefRuleLabels"/>
  <testcase classname="org.antlr.test.TestAttributes" time="0.002" name="testInvalidRuleLabelAccessesParameter"/>
  <testcase classname="org.antlr.test.TestAttributes" time="0.001" name="testInvalidRuleLabelAccessesScopeAttribute"/>
  <testcase classname="org.antlr.test.TestAttributes" time="0.002" name="testInvalidRuleAttribute"/>
  <testcase classname="org.antlr.test.TestAttributes" time="0.002" name="testMissingRuleAttribute"/>
  <testcase classname="org.antlr.test.TestAttributes" time="0.001" name="testMissingUnlabeledRuleAttribute"/>
  <testcase classname="org.antlr.test.TestAttributes" time="0.001" name="testNonDynamicAttributeOutsideRule"/>
  <testcase classname="org.antlr.test.TestAttributes" time="0.001" name="testNonDynamicAttributeOutsideRule2"/>
  <testcase classname="org.antlr.test.TestAttributes" time="0.062" name="testBasicGlobalScope"/>
  <testcase classname="org.antlr.test.TestAttributes" time="0.056" name="testUnknownGlobalScope"/>
  <testcase classname="org.antlr.test.TestAttributes" time="0.054" name="testIndexedGlobalScope"/>
  <testcase classname="org.antlr.test.TestAttributes" time="0.057" name="test0IndexedGlobalScope"/>
  <testcase classname="org.antlr.test.TestAttributes" time="0.059" name="testAbsoluteIndexedGlobalScope"/>
  <testcase classname="org.antlr.test.TestAttributes" time="0.085" name="testScopeAndAttributeWithUnderscore"/>
  <testcase classname="org.antlr.test.TestAttributes" time="0.06" name="testSharedGlobalScope"/>
  <testcase classname="org.antlr.test.TestAttributes" time="0.058" name="testGlobalScopeOutsideRule"/>
  <testcase classname="org.antlr.test.TestAttributes" time="0.07" name="testRuleScopeOutsideRule"/>
  <testcase classname="org.antlr.test.TestAttributes" time="0.052" name="testBasicRuleScope"/>
  <testcase classname="org.antlr.test.TestAttributes" time="0.079" name="testUnqualifiedRuleScopeAccessInsideRule"/>
  <testcase classname="org.antlr.test.TestAttributes" time="0.091" name="testIsolatedDynamicRuleScopeRef"/>
  <testcase classname="org.antlr.test.TestAttributes" time="0.06" name="testDynamicRuleScopeRefInSubrule"/>
  <testcase classname="org.antlr.test.TestAttributes" time="0.06" name="testIsolatedGlobalScopeRef"/>
  <testcase classname="org.antlr.test.TestAttributes" time="0.058" name="testRuleScopeFromAnotherRule"/>
  <testcase classname="org.antlr.test.TestAttributes" time="0.083" name="testFullyQualifiedRefToCurrentRuleParameter"/>
  <testcase classname="org.antlr.test.TestAttributes" time="0.052" name="testFullyQualifiedRefToCurrentRuleRetVal"/>
  <testcase classname="org.antlr.test.TestAttributes" time="0.053" name="testSetFullyQualifiedRefToCurrentRuleRetVal"/>
  <testcase classname="org.antlr.test.TestAttributes" time="0.053" name="testIsolatedRefToCurrentRule"/>
  <testcase classname="org.antlr.test.TestAttributes" time="0.05" name="testIsolatedRefToRule"/>
  <testcase classname="org.antlr.test.TestAttributes" time="0.083" name="testFullyQualifiedRefToTemplateAttributeInCurrentRule"/>
  <testcase classname="org.antlr.test.TestAttributes" time="0.052" name="testRuleRefWhenRuleHasScope"/>
  <testcase classname="org.antlr.test.TestAttributes" time="0.05" name="testDynamicScopeRefOkEvenThoughRuleRefExists"/>
  <testcase classname="org.antlr.test.TestAttributes" time="0.055" name="testRefToTemplateAttributeForCurrentRule"/>
  <testcase classname="org.antlr.test.TestAttributes" time="0.062" name="testRefToTextAttributeForCurrentRule"/>
  <testcase classname="org.antlr.test.TestAttributes" time="0.084" name="testRefToStartAttributeForCurrentRule"/>
  <testcase classname="org.antlr.test.TestAttributes" time="0.057" name="testTokenLabelFromMultipleAlts"/>
  <testcase classname="org.antlr.test.TestAttributes" time="0.059" name="testRuleLabelFromMultipleAlts"/>
  <testcase classname="org.antlr.test.TestAttributes" time="0.055" name="testUnknownDynamicAttribute"/>
  <testcase classname="org.antlr.test.TestAttributes" time="0.056" name="testUnknownGlobalDynamicAttribute"/>
  <testcase classname="org.antlr.test.TestAttributes" time="0.001" name="testUnqualifiedRuleScopeAttribute"/>
  <testcase classname="org.antlr.test.TestAttributes" time="0.001" name="testRuleAndTokenLabelTypeMismatch"/>
  <testcase classname="org.antlr.test.TestAttributes" time="0.001" name="testListAndTokenLabelTypeMismatch"/>
  <testcase classname="org.antlr.test.TestAttributes" time="0.001" name="testListAndRuleLabelTypeMismatch"/>
  <testcase classname="org.antlr.test.TestAttributes" time="0.001" name="testArgReturnValueMismatch"/>
  <testcase classname="org.antlr.test.TestAttributes" time="0.081" name="testSimplePlusEqualLabel"/>
  <testcase classname="org.antlr.test.TestAttributes" time="0.057" name="testPlusEqualStringLabel"/>
  <testcase classname="org.antlr.test.TestAttributes" time="0.057" name="testPlusEqualSetLabel"/>
  <testcase classname="org.antlr.test.TestAttributes" time="0.056" name="testPlusEqualWildcardLabel"/>
  <testcase classname="org.antlr.test.TestAttributes" time="0.057" name="testImplicitTokenLabel"/>
  <testcase classname="org.antlr.test.TestAttributes" time="0.086" name="testImplicitRuleLabel"/>
  <testcase classname="org.antlr.test.TestAttributes" time="0.062" name="testReuseExistingLabelWithImplicitRuleLabel"/>
  <testcase classname="org.antlr.test.TestAttributes" time="0.081" name="testReuseExistingListLabelWithImplicitRuleLabel"/>
  <testcase classname="org.antlr.test.TestAttributes" time="0.058" name="testReuseExistingLabelWithImplicitTokenLabel"/>
  <testcase classname="org.antlr.test.TestAttributes" time="0.084" name="testReuseExistingListLabelWithImplicitTokenLabel"/>
  <testcase classname="org.antlr.test.TestAttributes" time="0.063" name="testRuleLabelWithoutOutputOption"/>
  <testcase classname="org.antlr.test.TestAttributes" time="2.104" name="testRuleLabelOnTwoDifferentRulesAST">
    <failure type="org.junit.ComparisonFailure" message="expected:&lt;[[a, b]
a b
]&gt; but was:&lt;[]&gt;">org.junit.ComparisonFailure: expected:&lt;[[a, b]
a b
]&gt; but was:&lt;[]&gt;
	at org.junit.Assert.assertEquals(Assert.java:123)
	at org.junit.Assert.assertEquals(Assert.java:145)
	at org.antlr.test.BaseTest.assertEquals(BaseTest.java:873)
	at org.antlr.test.TestAttributes.testRuleLabelOnTwoDifferentRulesAST(TestAttributes.java:2395)
	at sun.reflect.NativeMethodAccessorImpl.invoke0(Native Method)
	at sun.reflect.NativeMethodAccessorImpl.invoke(NativeMethodAccessorImpl.java:39)
	at sun.reflect.DelegatingMethodAccessorImpl.invoke(DelegatingMethodAccessorImpl.java:25)
	at java.lang.reflect.Method.invoke(Method.java:585)
	at org.junit.runners.model.FrameworkMethod$1.runReflectiveCall(FrameworkMethod.java:44)
	at org.junit.internal.runners.model.ReflectiveCallable.run(ReflectiveCallable.java:15)
	at org.junit.runners.model.FrameworkMethod.invokeExplosively(FrameworkMethod.java:41)
	at org.junit.internal.runners.statements.InvokeMethod.evaluate(InvokeMethod.java:20)
	at org.junit.internal.runners.statements.RunBefores.evaluate(RunBefores.java:28)
	at org.junit.internal.runners.statements.RunAfters.evaluate(RunAfters.java:31)
	at org.junit.runners.BlockJUnit4ClassRunner.runChild(BlockJUnit4ClassRunner.java:73)
	at org.junit.runners.BlockJUnit4ClassRunner.runChild(BlockJUnit4ClassRunner.java:46)
	at org.junit.runners.ParentRunner.runChildren(ParentRunner.java:180)
	at org.junit.runners.ParentRunner.access$000(ParentRunner.java:41)
	at org.junit.runners.ParentRunner$1.evaluate(ParentRunner.java:173)
	at org.junit.internal.runners.statements.RunBefores.evaluate(RunBefores.java:28)
	at org.junit.internal.runners.statements.RunAfters.evaluate(RunAfters.java:31)
	at org.junit.runners.ParentRunner.run(ParentRunner.java:220)
	at org.apache.maven.surefire.junit4.JUnit4TestSet.execute(JUnit4TestSet.java:62)
	at org.apache.maven.surefire.suite.AbstractDirectoryTestSuite.executeTestSet(AbstractDirectoryTestSuite.java:140)
	at org.apache.maven.surefire.suite.AbstractDirectoryTestSuite.execute(AbstractDirectoryTestSuite.java:127)
	at org.apache.maven.surefire.Surefire.run(Surefire.java:177)
	at sun.reflect.NativeMethodAccessorImpl.invoke0(Native Method)
	at sun.reflect.NativeMethodAccessorImpl.invoke(NativeMethodAccessorImpl.java:39)
	at sun.reflect.DelegatingMethodAccessorImpl.invoke(DelegatingMethodAccessorImpl.java:25)
	at java.lang.reflect.Method.invoke(Method.java:585)
	at org.apache.maven.surefire.booter.SurefireBooter.runSuitesInProcess(SurefireBooter.java:338)
	at org.apache.maven.surefire.booter.SurefireBooter.main(SurefireBooter.java:997)
</failure>
    <system-err>compile stderr from: javac -d /tmp/antlr-org.antlr.test.TestAttributes-1235256935851 -classpath /tmp/antlr-org.antlr.test.TestAttributes-1235256935851:/opt/local/share/java/maven2/boot/classworlds-1.1.jar:/Users/parrt/antlr/code/antlr/release-3.1.2/target/test-classes:/Users/parrt/antlr/code/antlr/release-3.1.2/target/classes:/Users/parrt/.m2/repository/junit/junit/4.5/junit-4.5.jar:/Users/parrt/.m2/repository/antlr/antlr/2.7.7/antlr-2.7.7.jar:/Users/parrt/.m2/repository/org/antlr/stringtemplate/3.2/stringtemplate-3.2.jar:/Users/parrt/.m2/repository/org/antlr/antlr-runtime/3.1.2/antlr-runtime-3.1.2.jar:/Users/parrt/.m2/repository/org/antlr/gunit/1.0.5/gunit-1.0.5.jar: TParser.java
/tmp/antlr-org.antlr.test.TestAttributes-1235256935851/TParser.java:69: incompatible types
found   : TParser.a_return
required: TParser.b_return
            x=a();
               ^
Note: /tmp/antlr-org.antlr.test.TestAttributes-1235256935851/TParser.java uses unchecked or unsafe operations.
Note: Recompile with -Xlint:unchecked for details.
1 error

compile stderr from: javac -d /tmp/antlr-org.antlr.test.TestAttributes-1235256935851 -classpath /tmp/antlr-org.antlr.test.TestAttributes-1235256935851:/opt/local/share/java/maven2/boot/classworlds-1.1.jar:/Users/parrt/antlr/code/antlr/release-3.1.2/target/test-classes:/Users/parrt/antlr/code/antlr/release-3.1.2/target/classes:/Users/parrt/.m2/repository/junit/junit/4.5/junit-4.5.jar:/Users/parrt/.m2/repository/antlr/antlr/2.7.7/antlr-2.7.7.jar:/Users/parrt/.m2/repository/org/antlr/stringtemplate/3.2/stringtemplate-3.2.jar:/Users/parrt/.m2/repository/org/antlr/antlr-runtime/3.1.2/antlr-runtime-3.1.2.jar:/Users/parrt/.m2/repository/org/antlr/gunit/1.0.5/gunit-1.0.5.jar: Test.java
/tmp/antlr-org.antlr.test.TestAttributes-1235256935851/TParser.java:69: incompatible types
found   : TParser.a_return
required: TParser.b_return
            x=a();
               ^
Note: /tmp/antlr-org.antlr.test.TestAttributes-1235256935851/TParser.java uses unchecked or unsafe operations.
Note: Recompile with -Xlint:unchecked for details.
1 error

</system-err>
  </testcase>
  <testcase classname="org.antlr.test.TestAttributes" time="2.225" name="testRuleLabelOnTwoDifferentRulesTemplate">
    <failure type="org.junit.ComparisonFailure" message="expected:&lt;[[hi, mom]
]&gt; but was:&lt;[]&gt;">org.junit.ComparisonFailure: expected:&lt;[[hi, mom]
]&gt; but was:&lt;[]&gt;
	at org.junit.Assert.assertEquals(Assert.java:123)
	at org.junit.Assert.assertEquals(Assert.java:145)
	at org.antlr.test.BaseTest.assertEquals(BaseTest.java:873)
	at org.antlr.test.TestAttributes.testRuleLabelOnTwoDifferentRulesTemplate(TestAttributes.java:2409)
	at sun.reflect.NativeMethodAccessorImpl.invoke0(Native Method)
	at sun.reflect.NativeMethodAccessorImpl.invoke(NativeMethodAccessorImpl.java:39)
	at sun.reflect.DelegatingMethodAccessorImpl.invoke(DelegatingMethodAccessorImpl.java:25)
	at java.lang.reflect.Method.invoke(Method.java:585)
	at org.junit.runners.model.FrameworkMethod$1.runReflectiveCall(FrameworkMethod.java:44)
	at org.junit.internal.runners.model.ReflectiveCallable.run(ReflectiveCallable.java:15)
	at org.junit.runners.model.FrameworkMethod.invokeExplosively(FrameworkMethod.java:41)
	at org.junit.internal.runners.statements.InvokeMethod.evaluate(InvokeMethod.java:20)
	at org.junit.internal.runners.statements.RunBefores.evaluate(RunBefores.java:28)
	at org.junit.internal.runners.statements.RunAfters.evaluate(RunAfters.java:31)
	at org.junit.runners.BlockJUnit4ClassRunner.runChild(BlockJUnit4ClassRunner.java:73)
	at org.junit.runners.BlockJUnit4ClassRunner.runChild(BlockJUnit4ClassRunner.java:46)
	at org.junit.runners.ParentRunner.runChildren(ParentRunner.java:180)
	at org.junit.runners.ParentRunner.access$000(ParentRunner.java:41)
	at org.junit.runners.ParentRunner$1.evaluate(ParentRunner.java:173)
	at org.junit.internal.runners.statements.RunBefores.evaluate(RunBefores.java:28)
	at org.junit.internal.runners.statements.RunAfters.evaluate(RunAfters.java:31)
	at org.junit.runners.ParentRunner.run(ParentRunner.java:220)
	at org.apache.maven.surefire.junit4.JUnit4TestSet.execute(JUnit4TestSet.java:62)
	at org.apache.maven.surefire.suite.AbstractDirectoryTestSuite.executeTestSet(AbstractDirectoryTestSuite.java:140)
	at org.apache.maven.surefire.suite.AbstractDirectoryTestSuite.execute(AbstractDirectoryTestSuite.java:127)
	at org.apache.maven.surefire.Surefire.run(Surefire.java:177)
	at sun.reflect.NativeMethodAccessorImpl.invoke0(Native Method)
	at sun.reflect.NativeMethodAccessorImpl.invoke(NativeMethodAccessorImpl.java:39)
	at sun.reflect.DelegatingMethodAccessorImpl.invoke(DelegatingMethodAccessorImpl.java:25)
	at java.lang.reflect.Method.invoke(Method.java:585)
	at org.apache.maven.surefire.booter.SurefireBooter.runSuitesInProcess(SurefireBooter.java:338)
	at org.apache.maven.surefire.booter.SurefireBooter.main(SurefireBooter.java:997)
</failure>
    <system-err>compile stderr from: javac -d /tmp/antlr-org.antlr.test.TestAttributes-1235256937958 -classpath /tmp/antlr-org.antlr.test.TestAttributes-1235256937958:/opt/local/share/java/maven2/boot/classworlds-1.1.jar:/Users/parrt/antlr/code/antlr/release-3.1.2/target/test-classes:/Users/parrt/antlr/code/antlr/release-3.1.2/target/classes:/Users/parrt/.m2/repository/junit/junit/4.5/junit-4.5.jar:/Users/parrt/.m2/repository/antlr/antlr/2.7.7/antlr-2.7.7.jar:/Users/parrt/.m2/repository/org/antlr/stringtemplate/3.2/stringtemplate-3.2.jar:/Users/parrt/.m2/repository/org/antlr/antlr-runtime/3.1.2/antlr-runtime-3.1.2.jar:/Users/parrt/.m2/repository/org/antlr/gunit/1.0.5/gunit-1.0.5.jar: TParser.java
/tmp/antlr-org.antlr.test.TestAttributes-1235256937958/TParser.java:79: incompatible types
found   : TParser.a_return
required: TParser.b_return
            x=a();
               ^
Note: /tmp/antlr-org.antlr.test.TestAttributes-1235256937958/TParser.java uses unchecked or unsafe operations.
Note: Recompile with -Xlint:unchecked for details.
1 error

compile stderr from: javac -d /tmp/antlr-org.antlr.test.TestAttributes-1235256937958 -classpath /tmp/antlr-org.antlr.test.TestAttributes-1235256937958:/opt/local/share/java/maven2/boot/classworlds-1.1.jar:/Users/parrt/antlr/code/antlr/release-3.1.2/target/test-classes:/Users/parrt/antlr/code/antlr/release-3.1.2/target/classes:/Users/parrt/.m2/repository/junit/junit/4.5/junit-4.5.jar:/Users/parrt/.m2/repository/antlr/antlr/2.7.7/antlr-2.7.7.jar:/Users/parrt/.m2/repository/org/antlr/stringtemplate/3.2/stringtemplate-3.2.jar:/Users/parrt/.m2/repository/org/antlr/antlr-runtime/3.1.2/antlr-runtime-3.1.2.jar:/Users/parrt/.m2/repository/org/antlr/gunit/1.0.5/gunit-1.0.5.jar: Test.java
/tmp/antlr-org.antlr.test.TestAttributes-1235256937958/TParser.java:79: incompatible types
found   : TParser.a_return
required: TParser.b_return
            x=a();
               ^
Note: /tmp/antlr-org.antlr.test.TestAttributes-1235256937958/TParser.java uses unchecked or unsafe operations.
Note: Recompile with -Xlint:unchecked for details.
1 error

</system-err>
  </testcase>
  <testcase classname="org.antlr.test.TestAttributes" time="0.058" name="testMissingArgs"/>
  <testcase classname="org.antlr.test.TestAttributes" time="0.058" name="testArgsWhenNoneDefined"/>
  <testcase classname="org.antlr.test.TestAttributes" time="0.002" name="testReturnInitValue"/>
  <testcase classname="org.antlr.test.TestAttributes" time="0.002" name="testMultipleReturnInitValue"/>
  <testcase classname="org.antlr.test.TestAttributes" time="0.001" name="testCStyleReturnInitValue"/>
  <testcase classname="org.antlr.test.TestAttributes" time="0.057" name="testArgsWithInitValues"/>
  <testcase classname="org.antlr.test.TestAttributes" time="0.087" name="testArgsOnToken"/>
  <testcase classname="org.antlr.test.TestAttributes" time="0.055" name="testArgsOnTokenInLexer"/>
  <testcase classname="org.antlr.test.TestAttributes" time="0.057" name="testLabelOnRuleRefInLexer"/>
  <testcase classname="org.antlr.test.TestAttributes" time="0.055" name="testRefToRuleRefInLexer"/>
  <testcase classname="org.antlr.test.TestAttributes" time="0.058" name="testRefToRuleRefInLexerNoAttribute"/>
  <testcase classname="org.antlr.test.TestAttributes" time="0.085" name="testCharLabelInLexer"/>
  <testcase classname="org.antlr.test.TestAttributes" time="0.056" name="testCharListLabelInLexer"/>
  <testcase classname="org.antlr.test.TestAttributes" time="0.052" name="testWildcardCharLabelInLexer"/>
  <testcase classname="org.antlr.test.TestAttributes" time="0.057" name="testWildcardCharListLabelInLexer"/>
  <testcase classname="org.antlr.test.TestAttributes" time="0.051" name="testMissingArgsInLexer"/>
  <testcase classname="org.antlr.test.TestAttributes" time="0.08" name="testLexerRulePropertyRefs"/>
  <testcase classname="org.antlr.test.TestAttributes" time="0.059" name="testLexerLabelRefs"/>
  <testcase classname="org.antlr.test.TestAttributes" time="0.058" name="testSettingLexerRulePropertyRefs"/>
  <testcase classname="org.antlr.test.TestAttributes" time="0.058" name="testArgsOnTokenInLexerRuleOfCombined"/>
  <testcase classname="org.antlr.test.TestAttributes" time="0.086" name="testMissingArgsOnTokenInLexerRuleOfCombined"/>
  <testcase classname="org.antlr.test.TestAttributes" time="0.053" name="testTokenLabelTreeProperty"/>
  <testcase classname="org.antlr.test.TestAttributes" time="0.049" name="testTokenRefTreeProperty"/>
  <testcase classname="org.antlr.test.TestAttributes" time="0.051" name="testAmbiguousTokenRef"/>
  <testcase classname="org.antlr.test.TestAttributes" time="0.059" name="testAmbiguousTokenRefWithProp"/>
  <testcase classname="org.antlr.test.TestAttributes" time="0.082" name="testRuleRefWithDynamicScope"/>
  <testcase classname="org.antlr.test.TestAttributes" time="0.049" name="testAssignToOwnRulenameAttr"/>
  <testcase classname="org.antlr.test.TestAttributes" time="0.051" name="testAssignToOwnParamAttr"/>
  <testcase classname="org.antlr.test.TestAttributes" time="0.049" name="testIllegalAssignToOwnRulenameAttr"/>
  <testcase classname="org.antlr.test.TestAttributes" time="0.05" name="testIllegalAssignToLocalAttr"/>
  <testcase classname="org.antlr.test.TestAttributes" time="0.099" name="testIllegalAssignRuleRefAttr"/>
  <testcase classname="org.antlr.test.TestAttributes" time="0.056" name="testIllegalAssignTokenRefAttr"/>
  <testcase classname="org.antlr.test.TestAttributes" time="0.079" name="testAssignToTreeNodeAttribute"/>
  <testcase classname="org.antlr.test.TestAttributes" time="0.056" name="testDoNotTranslateAttributeCompare"/>
  <testcase classname="org.antlr.test.TestAttributes" time="0.077" name="testDoNotTranslateScopeAttributeCompare"/>
  <testcase classname="org.antlr.test.TestAttributes" time="0.055" name="testTreeRuleStopAttributeIsInvalid"/>
  <testcase classname="org.antlr.test.TestAttributes" time="0.061" name="testRefToTextAttributeForCurrentTreeRule"/>
  <testcase classname="org.antlr.test.TestAttributes" time="0.052" name="testTypeOfGuardedAttributeRefIsCorrect"/>
</testsuite>